# JRE version: Java(TM) SE Runtime Environment (8.0_92-b14) (build 1.8.0_92-b14)
# Java VM: Java HotSpot(TM) Client VM (25.92-b14 mixed mode windows-x86 )
Heap:
 def new generation   total 39424K, used 9385K [0x04e00000, 0x078c0000, 0x0f8a0000)
  eden space 35072K,  25% used [0x04e00000, 0x056d07a8, 0x07040000)
  from space 4352K,   8% used [0x07040000, 0x07099f18, 0x07480000)
  to   space 4352K,   0% used [0x07480000, 0x07480000, 0x078c0000)
 tenured generation   total 87424K, used 83732K [0x0f8a0000, 0x14e00000, 0x24e00000)
   the space 87424K,  95% used [0x0f8a0000, 0x14a650b0, 0x14a65200, 0x14e00000)
 Metaspace       used 20166K, capacity 20699K, committed 20992K, reserved 21888K
GC Heap History (10 events):
Event: 207310.153 GC heap before
{Heap before GC invocations=4195 (full 2):
 def new generation   total 39424K, used 35353K [0x04e00000, 0x078c0000, 0x0f8a0000)
  eden space 35072K, 100% used [0x04e00000, 0x07040000, 0x07040000)
  from space 4352K,   6% used [0x07480000, 0x074c6648, 0x078c0000)
  to   space 4352K,   0% used [0x07040000, 0x07040000, 0x07480000)
 tenured generation   total 87424K, used 83732K [0x0f8a0000, 0x14e00000, 0x24e00000)
   the space 87424K,  95% used [0x0f8a0000, 0x14a650b0, 0x14a65200, 0x14e00000)
 Metaspace       used 20156K, capacity 20667K, committed 20864K, reserved 20864K
Event: 207310.155 GC heap after
Heap after GC invocations=4196 (full 2):
 def new generation   total 39424K, used 293K [0x04e00000, 0x078c0000, 0x0f8a0000)
  eden space 35072K,   0% used [0x04e00000, 0x04e00000, 0x07040000)
  from space 4352K,   6% used [0x07040000, 0x07089470, 0x07480000)
  to   space 4352K,   0% used [0x07480000, 0x07480000, 0x078c0000)
 tenured generation   total 87424K, used 83732K [0x0f8a0000, 0x14e00000, 0x24e00000)
   the space 87424K,  95% used [0x0f8a0000, 0x14a650b0, 0x14a65200, 0x14e00000)
 Metaspace       used 20156K, capacity 20667K, committed 20864K, reserved 20864K
}
Event: 207412.655 GC heap before
{Heap before GC invocations=4196 (full 2):
 def new generation   total 39424K, used 35365K [0x04e00000, 0x078c0000, 0x0f8a0000)
  eden space 35072K, 100% used [0x04e00000, 0x07040000, 0x07040000)
  from space 4352K,   6% used [0x07040000, 0x07089470, 0x07480000)
  to   space 4352K,   0% used [0x07480000, 0x07480000, 0x078c0000)
 tenured generation   total 87424K, used 83732K [0x0f8a0000, 0x14e00000, 0x24e00000)
   the space 87424K,  95% used [0x0f8a0000, 0x14a650b0, 0x14a65200, 0x14e00000)
 Metaspace       used 20166K, capacity 20699K, committed 20992K, reserved 21888K
Event: 207412.659 GC heap after
Heap after GC invocations=4197 (full 2):
 def new generation   total 39424K, used 339K [0x04e00000, 0x078c0000, 0x0f8a0000)
  eden space 35072K,   0% used [0x04e00000, 0x04e00000, 0x07040000)
  from space 4352K,   7% used [0x07480000, 0x074d4d00, 0x078c0000)
  to   space 4352K,   0% used [0x07040000, 0x07040000, 0x07480000)
 tenured generation   total 87424K, used 83732K [0x0f8a0000, 0x14e00000, 0x24e00000)
   the space 87424K,  95% used [0x0f8a0000, 0x14a650b0, 0x14a65200, 0x14e00000)
 Metaspace       used 20166K, capacity 20699K, committed 20992K, reserved 21888K
}
Event: 207517.706 GC heap before
{Heap before GC invocations=4197 (full 2):
 def new generation   total 39424K, used 35411K [0x04e00000, 0x078c0000, 0x0f8a0000)
  eden space 35072K, 100% used [0x04e00000, 0x07040000, 0x07040000)
  from space 4352K,   7% used [0x07480000, 0x074d4d00, 0x078c0000)
  to   space 4352K,   0% used [0x07040000, 0x07040000, 0x07480000)
 tenured generation   total 87424K, used 83732K [0x0f8a0000, 0x14e00000, 0x24e00000)
   the space 87424K,  95% used [0x0f8a0000, 0x14a650b0, 0x14a65200, 0x14e00000)
 Metaspace       used 20166K, capacity 20699K, committed 20992K, reserved 21888K
Event: 207517.708 GC heap after
Heap after GC invocations=4198 (full 2):
 def new generation   total 39424K, used 384K [0x04e00000, 0x078c0000, 0x0f8a0000)
  eden space 35072K,   0% used [0x04e00000, 0x04e00000, 0x07040000)
  from space 4352K,   8% used [0x07040000, 0x070a0290, 0x07480000)
  to   space 4352K,   0% used [0x07480000, 0x07480000, 0x078c0000)
 tenured generation   total 87424K, used 83732K [0x0f8a0000, 0x14e00000, 0x24e00000)
   the space 87424K,  95% used [0x0f8a0000, 0x14a650b0, 0x14a65200, 0x14e00000)
 Metaspace       used 20166K, capacity 20699K, committed 20992K, reserved 21888K
}
Event: 207614.482 GC heap before
{Heap before GC invocations=4198 (full 2):
 def new generation   total 39424K, used 35456K [0x04e00000, 0x078c0000, 0x0f8a0000)
  eden space 35072K, 100% used [0x04e00000, 0x07040000, 0x07040000)
  from space 4352K,   8% used [0x07040000, 0x070a0290, 0x07480000)
  to   space 4352K,   0% used [0x07480000, 0x07480000, 0x078c0000)
 tenured generation   total 87424K, used 83732K [0x0f8a0000, 0x14e00000, 0x24e00000)
   the space 87424K,  95% used [0x0f8a0000, 0x14a650b0, 0x14a65200, 0x14e00000)
 Metaspace       used 20166K, capacity 20699K, committed 20992K, reserved 21888K
Event: 207614.485 GC heap after
Heap after GC invocations=4199 (full 2):
 def new generation   total 39424K, used 405K [0x04e00000, 0x078c0000, 0x0f8a0000)
  eden space 35072K,   0% used [0x04e00000, 0x04e00000, 0x07040000)
  from space 4352K,   9% used [0x07480000, 0x074e57e8, 0x078c0000)
  to   space 4352K,   0% used [0x07040000, 0x07040000, 0x07480000)
 tenured generation   total 87424K, used 83732K [0x0f8a0000, 0x14e00000, 0x24e00000)
   the space 87424K,  95% used [0x0f8a0000, 0x14a650b0, 0x14a65200, 0x14e00000)
 Metaspace       used 20166K, capacity 20699K, committed 20992K, reserved 21888K
}
Event: 207711.939 GC heap before
{Heap before GC invocations=4199 (full 2):
 def new generation   total 39424K, used 35477K [0x04e00000, 0x078c0000, 0x0f8a0000)
  eden space 35072K, 100% used [0x04e00000, 0x07040000, 0x07040000)
  from space 4352K,   9% used [0x07480000, 0x074e57e8, 0x078c0000)
  to   space 4352K,   0% used [0x07040000, 0x07040000, 0x07480000)
 tenured generation   total 87424K, used 83732K [0x0f8a0000, 0x14e00000, 0x24e00000)
   the space 87424K,  95% used [0x0f8a0000, 0x14a650b0, 0x14a65200, 0x14e00000)
 Metaspace       used 20166K, capacity 20699K, committed 20992K, reserved 21888K
Event: 207711.941 GC heap after
Heap after GC invocations=4200 (full 2):
 def new generation   total 39424K, used 359K [0x04e00000, 0x078c0000, 0x0f8a0000)
  eden space 35072K,   0% used [0x04e00000, 0x04e00000, 0x07040000)
  from space 4352K,   8% used [0x07040000, 0x07099f18, 0x07480000)
  to   space 4352K,   0% used [0x07480000, 0x07480000, 0x078c0000)
 tenured generation   total 87424K, used 83732K [0x0f8a0000, 0x14e00000, 0x24e00000)
   the space 87424K,  95% used [0x0f8a0000, 0x14a650b0, 0x14a65200, 0x14e00000)
 Metaspace       used 20166K, capacity 20699K, committed 20992K, reserved 21888K
}

