# JRE version: Java(TM) SE Runtime Environment (8.0_92-b14) (build 1.8.0_92-b14)
# Java VM: Java HotSpot(TM) Client VM (25.92-b14 mixed mode windows-x86 )
Heap:
 def new generation   total 39424K, used 3716K [0x04800000, 0x072c0000, 0x0f2a0000)
  eden space 35072K,  10% used [0x04800000, 0x04b9a928, 0x06a40000)
  from space 4352K,   0% used [0x06e80000, 0x06e86a88, 0x072c0000)
  to   space 4352K,   0% used [0x06a40000, 0x06a40000, 0x06e80000)
 tenured generation   total 87424K, used 48312K [0x0f2a0000, 0x14800000, 0x24800000)
   the space 87424K,  55% used [0x0f2a0000, 0x121ce1e8, 0x121ce200, 0x14800000)
 Metaspace       used 20018K, capacity 20526K, committed 20736K, reserved 20864K
GC Heap History (10 events):
Event: 182115.554 GC heap before
{Heap before GC invocations=114 (full 2):
 def new generation   total 39424K, used 35102K [0x04800000, 0x072c0000, 0x0f2a0000)
  eden space 35072K, 100% used [0x04800000, 0x06a40000, 0x06a40000)
  from space 4352K,   0% used [0x06a40000, 0x06a47a18, 0x06e80000)
  to   space 4352K,   0% used [0x06e80000, 0x06e80000, 0x072c0000)
 tenured generation   total 87424K, used 48309K [0x0f2a0000, 0x14800000, 0x24800000)
   the space 87424K,  55% used [0x0f2a0000, 0x121cd4c0, 0x121cd600, 0x14800000)
 Metaspace       used 20018K, capacity 20526K, committed 20736K, reserved 20864K
Event: 182115.556 GC heap after
Heap after GC invocations=115 (full 2):
 def new generation   total 39424K, used 172K [0x04800000, 0x072c0000, 0x0f2a0000)
  eden space 35072K,   0% used [0x04800000, 0x04800000, 0x06a40000)
  from space 4352K,   3% used [0x06e80000, 0x06eab260, 0x072c0000)
  to   space 4352K,   0% used [0x06a40000, 0x06a40000, 0x06e80000)
 tenured generation   total 87424K, used 48309K [0x0f2a0000, 0x14800000, 0x24800000)
   the space 87424K,  55% used [0x0f2a0000, 0x121cd698, 0x121cd800, 0x14800000)
 Metaspace       used 20018K, capacity 20526K, committed 20736K, reserved 20864K
}
Event: 182363.855 GC heap before
{Heap before GC invocations=115 (full 2):
 def new generation   total 39424K, used 35244K [0x04800000, 0x072c0000, 0x0f2a0000)
  eden space 35072K, 100% used [0x04800000, 0x06a40000, 0x06a40000)
  from space 4352K,   3% used [0x06e80000, 0x06eab260, 0x072c0000)
  to   space 4352K,   0% used [0x06a40000, 0x06a40000, 0x06e80000)
 tenured generation   total 87424K, used 48309K [0x0f2a0000, 0x14800000, 0x24800000)
   the space 87424K,  55% used [0x0f2a0000, 0x121cd698, 0x121cd800, 0x14800000)
 Metaspace       used 20018K, capacity 20526K, committed 20736K, reserved 20864K
Event: 182363.856 GC heap after
Heap after GC invocations=116 (full 2):
 def new generation   total 39424K, used 44K [0x04800000, 0x072c0000, 0x0f2a0000)
  eden space 35072K,   0% used [0x04800000, 0x04800000, 0x06a40000)
  from space 4352K,   1% used [0x06a40000, 0x06a4b2d0, 0x06e80000)
  to   space 4352K,   0% used [0x06e80000, 0x06e80000, 0x072c0000)
 tenured generation   total 87424K, used 48309K [0x0f2a0000, 0x14800000, 0x24800000)
   the space 87424K,  55% used [0x0f2a0000, 0x121cd698, 0x121cd800, 0x14800000)
 Metaspace       used 20018K, capacity 20526K, committed 20736K, reserved 20864K
}
Event: 182624.190 GC heap before
{Heap before GC invocations=116 (full 2):
 def new generation   total 39424K, used 35116K [0x04800000, 0x072c0000, 0x0f2a0000)
  eden space 35072K, 100% used [0x04800000, 0x06a40000, 0x06a40000)
  from space 4352K,   1% used [0x06a40000, 0x06a4b2d0, 0x06e80000)
  to   space 4352K,   0% used [0x06e80000, 0x06e80000, 0x072c0000)
 tenured generation   total 87424K, used 48309K [0x0f2a0000, 0x14800000, 0x24800000)
   the space 87424K,  55% used [0x0f2a0000, 0x121cd698, 0x121cd800, 0x14800000)
 Metaspace       used 20018K, capacity 20526K, committed 20736K, reserved 20864K
Event: 182624.195 GC heap after
Heap after GC invocations=117 (full 2):
 def new generation   total 39424K, used 34K [0x04800000, 0x072c0000, 0x0f2a0000)
  eden space 35072K,   0% used [0x04800000, 0x04800000, 0x06a40000)
  from space 4352K,   0% used [0x06e80000, 0x06e88b70, 0x072c0000)
  to   space 4352K,   0% used [0x06a40000, 0x06a40000, 0x06e80000)
 tenured generation   total 87424K, used 48309K [0x0f2a0000, 0x14800000, 0x24800000)
   the space 87424K,  55% used [0x0f2a0000, 0x121cd698, 0x121cd800, 0x14800000)
 Metaspace       used 20018K, capacity 20526K, committed 20736K, reserved 20864K
}
Event: 182872.828 GC heap before
{Heap before GC invocations=117 (full 2):
 def new generation   total 39424K, used 35106K [0x04800000, 0x072c0000, 0x0f2a0000)
  eden space 35072K, 100% used [0x04800000, 0x06a40000, 0x06a40000)
  from space 4352K,   0% used [0x06e80000, 0x06e88b70, 0x072c0000)
  to   space 4352K,   0% used [0x06a40000, 0x06a40000, 0x06e80000)
 tenured generation   total 87424K, used 48309K [0x0f2a0000, 0x14800000, 0x24800000)
   the space 87424K,  55% used [0x0f2a0000, 0x121cd698, 0x121cd800, 0x14800000)
 Metaspace       used 20018K, capacity 20526K, committed 20736K, reserved 20864K
Event: 182872.834 GC heap after
Heap after GC invocations=118 (full 2):
 def new generation   total 39424K, used 51K [0x04800000, 0x072c0000, 0x0f2a0000)
  eden space 35072K,   0% used [0x04800000, 0x04800000, 0x06a40000)
  from space 4352K,   1% used [0x06a40000, 0x06a4cef8, 0x06e80000)
  to   space 4352K,   0% used [0x06e80000, 0x06e80000, 0x072c0000)
 tenured generation   total 87424K, used 48309K [0x0f2a0000, 0x14800000, 0x24800000)
   the space 87424K,  55% used [0x0f2a0000, 0x121cd698, 0x121cd800, 0x14800000)
 Metaspace       used 20018K, capacity 20526K, committed 20736K, reserved 20864K
}
Event: 183124.937 GC heap before
{Heap before GC invocations=118 (full 2):
 def new generation   total 39424K, used 35123K [0x04800000, 0x072c0000, 0x0f2a0000)
  eden space 35072K, 100% used [0x04800000, 0x06a40000, 0x06a40000)
  from space 4352K,   1% used [0x06a40000, 0x06a4cef8, 0x06e80000)
  to   space 4352K,   0% used [0x06e80000, 0x06e80000, 0x072c0000)
 tenured generation   total 87424K, used 48309K [0x0f2a0000, 0x14800000, 0x24800000)
   the space 87424K,  55% used [0x0f2a0000, 0x121cd698, 0x121cd800, 0x14800000)
 Metaspace       used 20018K, capacity 20526K, committed 20736K, reserved 20864K
Event: 183124.943 GC heap after
Heap after GC invocations=119 (full 2):
 def new generation   total 39424K, used 26K [0x04800000, 0x072c0000, 0x0f2a0000)
  eden space 35072K,   0% used [0x04800000, 0x04800000, 0x06a40000)
  from space 4352K,   0% used [0x06e80000, 0x06e86a88, 0x072c0000)
  to   space 4352K,   0% used [0x06a40000, 0x06a40000, 0x06e80000)
 tenured generation   total 87424K, used 48312K [0x0f2a0000, 0x14800000, 0x24800000)
   the space 87424K,  55% used [0x0f2a0000, 0x121ce1e8, 0x121ce200, 0x14800000)
 Metaspace       used 20018K, capacity 20526K, committed 20736K, reserved 20864K
}

