# JRE version: Java(TM) SE Runtime Environment (8.0_92-b14) (build 1.8.0_92-b14)
# Java VM: Java HotSpot(TM) Client VM (25.92-b14 mixed mode windows-x86 )
Heap:
 def new generation   total 39424K, used 7608K [0x04a00000, 0x074c0000, 0x0f4a0000)
  eden space 35072K,  19% used [0x04a00000, 0x050b1268, 0x06c40000)
  from space 4352K,  17% used [0x07080000, 0x0713cdd0, 0x074c0000)
  to   space 4352K,   0% used [0x06c40000, 0x06c40000, 0x07080000)
 tenured generation   total 87424K, used 27836K [0x0f4a0000, 0x14a00000, 0x24a00000)
   the space 87424K,  31% used [0x0f4a0000, 0x10fcf3f0, 0x10fcf400, 0x14a00000)
 Metaspace       used 19783K, capacity 20282K, committed 20608K, reserved 20864K
GC Heap History (10 events):
Event: 64.523 GC heap before
{Heap before GC invocations=4 (full 1):
 def new generation   total 39424K, used 39424K [0x04a00000, 0x074c0000, 0x0f4a0000)
  eden space 35072K, 100% used [0x04a00000, 0x06c40000, 0x06c40000)
  from space 4352K, 100% used [0x07080000, 0x074c0000, 0x074c0000)
  to   space 4352K,   0% used [0x06c40000, 0x06c40000, 0x07080000)
 tenured generation   total 87424K, used 17153K [0x0f4a0000, 0x14a00000, 0x24a00000)
   the space 87424K,  19% used [0x0f4a0000, 0x10560458, 0x10560600, 0x14a00000)
 Metaspace       used 18958K, capacity 19505K, committed 19584K, reserved 19840K
Event: 64.541 GC heap after
Heap after GC invocations=5 (full 1):
 def new generation   total 39424K, used 4352K [0x04a00000, 0x074c0000, 0x0f4a0000)
  eden space 35072K,   0% used [0x04a00000, 0x04a00000, 0x06c40000)
  from space 4352K, 100% used [0x06c40000, 0x07080000, 0x07080000)
  to   space 4352K,   0% used [0x07080000, 0x07080000, 0x074c0000)
 tenured generation   total 87424K, used 26499K [0x0f4a0000, 0x14a00000, 0x24a00000)
   the space 87424K,  30% used [0x0f4a0000, 0x10e80eb8, 0x10e81000, 0x14a00000)
 Metaspace       used 18958K, capacity 19505K, committed 19584K, reserved 19840K
}
Event: 443.964 GC heap before
{Heap before GC invocations=5 (full 1):
 def new generation   total 39424K, used 39397K [0x04a00000, 0x074c0000, 0x0f4a0000)
  eden space 35072K,  99% used [0x04a00000, 0x06c39798, 0x06c40000)
  from space 4352K, 100% used [0x06c40000, 0x07080000, 0x07080000)
  to   space 4352K,   0% used [0x07080000, 0x07080000, 0x074c0000)
 tenured generation   total 87424K, used 26499K [0x0f4a0000, 0x14a00000, 0x24a00000)
   the space 87424K,  30% used [0x0f4a0000, 0x10e80eb8, 0x10e81000, 0x14a00000)
 Metaspace       used 19931K, capacity 20475K, committed 20480K, reserved 20864K
Event: 443.977 GC heap after
Heap after GC invocations=6 (full 1):
 def new generation   total 39424K, used 2409K [0x04a00000, 0x074c0000, 0x0f4a0000)
  eden space 35072K,   0% used [0x04a00000, 0x04a00000, 0x06c40000)
  from space 4352K,  55% used [0x07080000, 0x072da718, 0x074c0000)
  to   space 4352K,   0% used [0x06c40000, 0x06c40000, 0x07080000)
 tenured generation   total 87424K, used 29591K [0x0f4a0000, 0x14a00000, 0x24a00000)
   the space 87424K,  33% used [0x0f4a0000, 0x11185f20, 0x11186000, 0x14a00000)
 Metaspace       used 19931K, capacity 20475K, committed 20480K, reserved 20864K
}
Event: 443.981 GC heap before
{Heap before GC invocations=6 (full 1):
 def new generation   total 39424K, used 4809K [0x04a00000, 0x074c0000, 0x0f4a0000)
  eden space 35072K,   6% used [0x04a00000, 0x04c57d90, 0x06c40000)
  from space 4352K,  55% used [0x07080000, 0x072da718, 0x074c0000)
  to   space 4352K,   0% used [0x06c40000, 0x06c40000, 0x07080000)
 tenured generation   total 87424K, used 29591K [0x0f4a0000, 0x14a00000, 0x24a00000)
   the space 87424K,  33% used [0x0f4a0000, 0x11185f20, 0x11186000, 0x14a00000)
 Metaspace       used 19932K, capacity 20475K, committed 20480K, reserved 20864K
Event: 444.028 GC heap after
Heap after GC invocations=7 (full 2):
 def new generation   total 39424K, used 0K [0x04a00000, 0x074c0000, 0x0f4a0000)
  eden space 35072K,   0% used [0x04a00000, 0x04a00000, 0x06c40000)
  from space 4352K,   0% used [0x07080000, 0x07080000, 0x074c0000)
  to   space 4352K,   0% used [0x06c40000, 0x06c40000, 0x07080000)
 tenured generation   total 87424K, used 27836K [0x0f4a0000, 0x14a00000, 0x24a00000)
   the space 87424K,  31% used [0x0f4a0000, 0x10fcf3f0, 0x10fcf400, 0x14a00000)
 Metaspace       used 19751K, capacity 20243K, committed 20480K, reserved 20864K
}
Event: 1518.646 GC heap before
{Heap before GC invocations=7 (full 2):
 def new generation   total 39424K, used 35072K [0x04a00000, 0x074c0000, 0x0f4a0000)
  eden space 35072K, 100% used [0x04a00000, 0x06c40000, 0x06c40000)
  from space 4352K,   0% used [0x07080000, 0x07080000, 0x074c0000)
  to   space 4352K,   0% used [0x06c40000, 0x06c40000, 0x07080000)
 tenured generation   total 87424K, used 27836K [0x0f4a0000, 0x14a00000, 0x24a00000)
   the space 87424K,  31% used [0x0f4a0000, 0x10fcf3f0, 0x10fcf400, 0x14a00000)
 Metaspace       used 19776K, capacity 20275K, committed 20608K, reserved 20864K
Event: 1518.650 GC heap after
Heap after GC invocations=8 (full 2):
 def new generation   total 39424K, used 564K [0x04a00000, 0x074c0000, 0x0f4a0000)
  eden space 35072K,   0% used [0x04a00000, 0x04a00000, 0x06c40000)
  from space 4352K,  12% used [0x06c40000, 0x06ccd220, 0x07080000)
  to   space 4352K,   0% used [0x07080000, 0x07080000, 0x074c0000)
 tenured generation   total 87424K, used 27836K [0x0f4a0000, 0x14a00000, 0x24a00000)
   the space 87424K,  31% used [0x0f4a0000, 0x10fcf3f0, 0x10fcf400, 0x14a00000)
 Metaspace       used 19776K, capacity 20275K, committed 20608K, reserved 20864K
}
Event: 2485.705 GC heap before
{Heap before GC invocations=8 (full 2):
 def new generation   total 39424K, used 35636K [0x04a00000, 0x074c0000, 0x0f4a0000)
  eden space 35072K, 100% used [0x04a00000, 0x06c40000, 0x06c40000)
  from space 4352K,  12% used [0x06c40000, 0x06ccd220, 0x07080000)
  to   space 4352K,   0% used [0x07080000, 0x07080000, 0x074c0000)
 tenured generation   total 87424K, used 27836K [0x0f4a0000, 0x14a00000, 0x24a00000)
   the space 87424K,  31% used [0x0f4a0000, 0x10fcf3f0, 0x10fcf400, 0x14a00000)
 Metaspace       used 19778K, capacity 20277K, committed 20608K, reserved 20864K
Event: 2485.709 GC heap after
Heap after GC invocations=9 (full 2):
 def new generation   total 39424K, used 755K [0x04a00000, 0x074c0000, 0x0f4a0000)
  eden space 35072K,   0% used [0x04a00000, 0x04a00000, 0x06c40000)
  from space 4352K,  17% used [0x07080000, 0x0713cdd0, 0x074c0000)
  to   space 4352K,   0% used [0x06c40000, 0x06c40000, 0x07080000)
 tenured generation   total 87424K, used 27836K [0x0f4a0000, 0x14a00000, 0x24a00000)
   the space 87424K,  31% used [0x0f4a0000, 0x10fcf3f0, 0x10fcf400, 0x14a00000)
 Metaspace       used 19778K, capacity 20277K, committed 20608K, reserved 20864K
}

