# JRE version: Java(TM) SE Runtime Environment (8.0_92-b14) (build 1.8.0_92-b14)
# Java VM: Java HotSpot(TM) Client VM (25.92-b14 mixed mode windows-x86 )
Heap:
 def new generation   total 39424K, used 19927K [0x04400000, 0x06ec0000, 0x0eea0000)
  eden space 35072K,  56% used [0x04400000, 0x0576e628, 0x06640000)
  from space 4352K,   0% used [0x06640000, 0x066479d0, 0x06a80000)
  to   space 4352K,   0% used [0x06a80000, 0x06a80000, 0x06ec0000)
 tenured generation   total 87424K, used 50035K [0x0eea0000, 0x14400000, 0x24400000)
   the space 87424K,  57% used [0x0eea0000, 0x11f7cea0, 0x11f7d000, 0x14400000)
 Metaspace       used 21111K, capacity 22056K, committed 22144K, reserved 22912K
GC Heap History (10 events):
Event: 10208.192 GC heap before
{Heap before GC invocations=67 (full 2):
 def new generation   total 39424K, used 35104K [0x04400000, 0x06ec0000, 0x0eea0000)
  eden space 35072K, 100% used [0x04400000, 0x06640000, 0x06640000)
  from space 4352K,   0% used [0x06a80000, 0x06a88388, 0x06ec0000)
  to   space 4352K,   0% used [0x06640000, 0x06640000, 0x06a80000)
 tenured generation   total 87424K, used 50035K [0x0eea0000, 0x14400000, 0x24400000)
   the space 87424K,  57% used [0x0eea0000, 0x11f7ce70, 0x11f7d000, 0x14400000)
 Metaspace       used 21111K, capacity 22056K, committed 22144K, reserved 22912K
Event: 10208.194 GC heap after
Heap after GC invocations=68 (full 2):
 def new generation   total 39424K, used 32K [0x04400000, 0x06ec0000, 0x0eea0000)
  eden space 35072K,   0% used [0x04400000, 0x04400000, 0x06640000)
  from space 4352K,   0% used [0x06640000, 0x06648120, 0x06a80000)
  to   space 4352K,   0% used [0x06a80000, 0x06a80000, 0x06ec0000)
 tenured generation   total 87424K, used 50035K [0x0eea0000, 0x14400000, 0x24400000)
   the space 87424K,  57% used [0x0eea0000, 0x11f7cea0, 0x11f7d000, 0x14400000)
 Metaspace       used 21111K, capacity 22056K, committed 22144K, reserved 22912K
}
Event: 10700.253 GC heap before
{Heap before GC invocations=68 (full 2):
 def new generation   total 39424K, used 35104K [0x04400000, 0x06ec0000, 0x0eea0000)
  eden space 35072K, 100% used [0x04400000, 0x06640000, 0x06640000)
  from space 4352K,   0% used [0x06640000, 0x06648120, 0x06a80000)
  to   space 4352K,   0% used [0x06a80000, 0x06a80000, 0x06ec0000)
 tenured generation   total 87424K, used 50035K [0x0eea0000, 0x14400000, 0x24400000)
   the space 87424K,  57% used [0x0eea0000, 0x11f7cea0, 0x11f7d000, 0x14400000)
 Metaspace       used 21111K, capacity 22056K, committed 22144K, reserved 22912K
Event: 10700.285 GC heap after
Heap after GC invocations=69 (full 2):
 def new generation   total 39424K, used 42K [0x04400000, 0x06ec0000, 0x0eea0000)
  eden space 35072K,   0% used [0x04400000, 0x04400000, 0x06640000)
  from space 4352K,   0% used [0x06a80000, 0x06a8a8d8, 0x06ec0000)
  to   space 4352K,   0% used [0x06640000, 0x06640000, 0x06a80000)
 tenured generation   total 87424K, used 50035K [0x0eea0000, 0x14400000, 0x24400000)
   the space 87424K,  57% used [0x0eea0000, 0x11f7cea0, 0x11f7d000, 0x14400000)
 Metaspace       used 21111K, capacity 22056K, committed 22144K, reserved 22912K
}
Event: 11198.883 GC heap before
{Heap before GC invocations=69 (full 2):
 def new generation   total 39424K, used 35114K [0x04400000, 0x06ec0000, 0x0eea0000)
  eden space 35072K, 100% used [0x04400000, 0x06640000, 0x06640000)
  from space 4352K,   0% used [0x06a80000, 0x06a8a8d8, 0x06ec0000)
  to   space 4352K,   0% used [0x06640000, 0x06640000, 0x06a80000)
 tenured generation   total 87424K, used 50035K [0x0eea0000, 0x14400000, 0x24400000)
   the space 87424K,  57% used [0x0eea0000, 0x11f7cea0, 0x11f7d000, 0x14400000)
 Metaspace       used 21111K, capacity 22056K, committed 22144K, reserved 22912K
Event: 11198.886 GC heap after
Heap after GC invocations=70 (full 2):
 def new generation   total 39424K, used 22K [0x04400000, 0x06ec0000, 0x0eea0000)
  eden space 35072K,   0% used [0x04400000, 0x04400000, 0x06640000)
  from space 4352K,   0% used [0x06640000, 0x06645b08, 0x06a80000)
  to   space 4352K,   0% used [0x06a80000, 0x06a80000, 0x06ec0000)
 tenured generation   total 87424K, used 50035K [0x0eea0000, 0x14400000, 0x24400000)
   the space 87424K,  57% used [0x0eea0000, 0x11f7cea0, 0x11f7d000, 0x14400000)
 Metaspace       used 21111K, capacity 22056K, committed 22144K, reserved 22912K
}
Event: 11667.457 GC heap before
{Heap before GC invocations=70 (full 2):
 def new generation   total 39424K, used 35094K [0x04400000, 0x06ec0000, 0x0eea0000)
  eden space 35072K, 100% used [0x04400000, 0x06640000, 0x06640000)
  from space 4352K,   0% used [0x06640000, 0x06645b08, 0x06a80000)
  to   space 4352K,   0% used [0x06a80000, 0x06a80000, 0x06ec0000)
 tenured generation   total 87424K, used 50035K [0x0eea0000, 0x14400000, 0x24400000)
   the space 87424K,  57% used [0x0eea0000, 0x11f7cea0, 0x11f7d000, 0x14400000)
 Metaspace       used 21111K, capacity 22056K, committed 22144K, reserved 22912K
Event: 11667.462 GC heap after
Heap after GC invocations=71 (full 2):
 def new generation   total 39424K, used 30K [0x04400000, 0x06ec0000, 0x0eea0000)
  eden space 35072K,   0% used [0x04400000, 0x04400000, 0x06640000)
  from space 4352K,   0% used [0x06a80000, 0x06a87a88, 0x06ec0000)
  to   space 4352K,   0% used [0x06640000, 0x06640000, 0x06a80000)
 tenured generation   total 87424K, used 50035K [0x0eea0000, 0x14400000, 0x24400000)
   the space 87424K,  57% used [0x0eea0000, 0x11f7cea0, 0x11f7d000, 0x14400000)
 Metaspace       used 21111K, capacity 22056K, committed 22144K, reserved 22912K
}
Event: 12142.930 GC heap before
{Heap before GC invocations=71 (full 2):
 def new generation   total 39424K, used 35102K [0x04400000, 0x06ec0000, 0x0eea0000)
  eden space 35072K, 100% used [0x04400000, 0x06640000, 0x06640000)
  from space 4352K,   0% used [0x06a80000, 0x06a87a88, 0x06ec0000)
  to   space 4352K,   0% used [0x06640000, 0x06640000, 0x06a80000)
 tenured generation   total 87424K, used 50035K [0x0eea0000, 0x14400000, 0x24400000)
   the space 87424K,  57% used [0x0eea0000, 0x11f7cea0, 0x11f7d000, 0x14400000)
 Metaspace       used 21111K, capacity 22056K, committed 22144K, reserved 22912K
Event: 12142.932 GC heap after
Heap after GC invocations=72 (full 2):
 def new generation   total 39424K, used 30K [0x04400000, 0x06ec0000, 0x0eea0000)
  eden space 35072K,   0% used [0x04400000, 0x04400000, 0x06640000)
  from space 4352K,   0% used [0x06640000, 0x066479d0, 0x06a80000)
  to   space 4352K,   0% used [0x06a80000, 0x06a80000, 0x06ec0000)
 tenured generation   total 87424K, used 50035K [0x0eea0000, 0x14400000, 0x24400000)
   the space 87424K,  57% used [0x0eea0000, 0x11f7cea0, 0x11f7d000, 0x14400000)
 Metaspace       used 21111K, capacity 22056K, committed 22144K, reserved 22912K
}

