# JRE version: Java(TM) SE Runtime Environment (8.0_92-b14) (build 1.8.0_92-b14)
# Java VM: Java HotSpot(TM) Client VM (25.92-b14 mixed mode windows-x86 )
Heap:
 def new generation   total 39424K, used 15323K [0x04c00000, 0x076c0000, 0x0f6a0000)
  eden space 35072K,  40% used [0x04c00000, 0x059fb7b0, 0x06e40000)
  from space 4352K,  23% used [0x07280000, 0x0737b758, 0x076c0000)
  to   space 4352K,   0% used [0x06e40000, 0x06e40000, 0x07280000)
 tenured generation   total 87424K, used 55129K [0x0f6a0000, 0x14c00000, 0x24c00000)
   the space 87424K,  63% used [0x0f6a0000, 0x12c764b0, 0x12c76600, 0x14c00000)
 Metaspace       used 20880K, capacity 21693K, committed 21760K, reserved 21888K
GC Heap History (10 events):
Event: 18798.319 GC heap before
{Heap before GC invocations=78 (full 2):
 def new generation   total 39424K, used 35984K [0x04c00000, 0x076c0000, 0x0f6a0000)
  eden space 35072K, 100% used [0x04c00000, 0x06e40000, 0x06e40000)
  from space 4352K,  20% used [0x06e40000, 0x06f24320, 0x07280000)
  to   space 4352K,   0% used [0x07280000, 0x07280000, 0x076c0000)
 tenured generation   total 87424K, used 55017K [0x0f6a0000, 0x14c00000, 0x24c00000)
   the space 87424K,  62% used [0x0f6a0000, 0x12c5a5f0, 0x12c5a600, 0x14c00000)
 Metaspace       used 20878K, capacity 21690K, committed 21760K, reserved 21888K
Event: 18798.322 GC heap after
Heap after GC invocations=79 (full 2):
 def new generation   total 39424K, used 929K [0x04c00000, 0x076c0000, 0x0f6a0000)
  eden space 35072K,   0% used [0x04c00000, 0x04c00000, 0x06e40000)
  from space 4352K,  21% used [0x07280000, 0x073687e0, 0x076c0000)
  to   space 4352K,   0% used [0x06e40000, 0x06e40000, 0x07280000)
 tenured generation   total 87424K, used 55048K [0x0f6a0000, 0x14c00000, 0x24c00000)
   the space 87424K,  62% used [0x0f6a0000, 0x12c62330, 0x12c62400, 0x14c00000)
 Metaspace       used 20878K, capacity 21690K, committed 21760K, reserved 21888K
}
Event: 19062.466 GC heap before
{Heap before GC invocations=79 (full 2):
 def new generation   total 39424K, used 36001K [0x04c00000, 0x076c0000, 0x0f6a0000)
  eden space 35072K, 100% used [0x04c00000, 0x06e40000, 0x06e40000)
  from space 4352K,  21% used [0x07280000, 0x073687e0, 0x076c0000)
  to   space 4352K,   0% used [0x06e40000, 0x06e40000, 0x07280000)
 tenured generation   total 87424K, used 55048K [0x0f6a0000, 0x14c00000, 0x24c00000)
   the space 87424K,  62% used [0x0f6a0000, 0x12c62330, 0x12c62400, 0x14c00000)
 Metaspace       used 20878K, capacity 21690K, committed 21760K, reserved 21888K
Event: 19062.470 GC heap after
Heap after GC invocations=80 (full 2):
 def new generation   total 39424K, used 828K [0x04c00000, 0x076c0000, 0x0f6a0000)
  eden space 35072K,   0% used [0x04c00000, 0x04c00000, 0x06e40000)
  from space 4352K,  19% used [0x06e40000, 0x06f0f388, 0x07280000)
  to   space 4352K,   0% used [0x07280000, 0x07280000, 0x076c0000)
 tenured generation   total 87424K, used 55101K [0x0f6a0000, 0x14c00000, 0x24c00000)
   the space 87424K,  63% used [0x0f6a0000, 0x12c6f648, 0x12c6f800, 0x14c00000)
 Metaspace       used 20878K, capacity 21690K, committed 21760K, reserved 21888K
}
Event: 19368.072 GC heap before
{Heap before GC invocations=80 (full 2):
 def new generation   total 39424K, used 35900K [0x04c00000, 0x076c0000, 0x0f6a0000)
  eden space 35072K, 100% used [0x04c00000, 0x06e40000, 0x06e40000)
  from space 4352K,  19% used [0x06e40000, 0x06f0f388, 0x07280000)
  to   space 4352K,   0% used [0x07280000, 0x07280000, 0x076c0000)
 tenured generation   total 87424K, used 55101K [0x0f6a0000, 0x14c00000, 0x24c00000)
   the space 87424K,  63% used [0x0f6a0000, 0x12c6f648, 0x12c6f800, 0x14c00000)
 Metaspace       used 20878K, capacity 21690K, committed 21760K, reserved 21888K
Event: 19368.075 GC heap after
Heap after GC invocations=81 (full 2):
 def new generation   total 39424K, used 803K [0x04c00000, 0x076c0000, 0x0f6a0000)
  eden space 35072K,   0% used [0x04c00000, 0x04c00000, 0x06e40000)
  from space 4352K,  18% used [0x07280000, 0x07348c88, 0x076c0000)
  to   space 4352K,   0% used [0x06e40000, 0x06e40000, 0x07280000)
 tenured generation   total 87424K, used 55116K [0x0f6a0000, 0x14c00000, 0x24c00000)
   the space 87424K,  63% used [0x0f6a0000, 0x12c73248, 0x12c73400, 0x14c00000)
 Metaspace       used 20878K, capacity 21690K, committed 21760K, reserved 21888K
}
Event: 19569.408 GC heap before
{Heap before GC invocations=81 (full 2):
 def new generation   total 39424K, used 35875K [0x04c00000, 0x076c0000, 0x0f6a0000)
  eden space 35072K, 100% used [0x04c00000, 0x06e40000, 0x06e40000)
  from space 4352K,  18% used [0x07280000, 0x07348c88, 0x076c0000)
  to   space 4352K,   0% used [0x06e40000, 0x06e40000, 0x07280000)
 tenured generation   total 87424K, used 55116K [0x0f6a0000, 0x14c00000, 0x24c00000)
   the space 87424K,  63% used [0x0f6a0000, 0x12c73248, 0x12c73400, 0x14c00000)
 Metaspace       used 20880K, capacity 21693K, committed 21760K, reserved 21888K
Event: 19569.411 GC heap after
Heap after GC invocations=82 (full 2):
 def new generation   total 39424K, used 910K [0x04c00000, 0x076c0000, 0x0f6a0000)
  eden space 35072K,   0% used [0x04c00000, 0x04c00000, 0x06e40000)
  from space 4352K,  20% used [0x06e40000, 0x06f23900, 0x07280000)
  to   space 4352K,   0% used [0x07280000, 0x07280000, 0x076c0000)
 tenured generation   total 87424K, used 55120K [0x0f6a0000, 0x14c00000, 0x24c00000)
   the space 87424K,  63% used [0x0f6a0000, 0x12c743f8, 0x12c74400, 0x14c00000)
 Metaspace       used 20880K, capacity 21693K, committed 21760K, reserved 21888K
}
Event: 19726.259 GC heap before
{Heap before GC invocations=82 (full 2):
 def new generation   total 39424K, used 35982K [0x04c00000, 0x076c0000, 0x0f6a0000)
  eden space 35072K, 100% used [0x04c00000, 0x06e40000, 0x06e40000)
  from space 4352K,  20% used [0x06e40000, 0x06f23900, 0x07280000)
  to   space 4352K,   0% used [0x07280000, 0x07280000, 0x076c0000)
 tenured generation   total 87424K, used 55120K [0x0f6a0000, 0x14c00000, 0x24c00000)
   the space 87424K,  63% used [0x0f6a0000, 0x12c743f8, 0x12c74400, 0x14c00000)
 Metaspace       used 20880K, capacity 21693K, committed 21760K, reserved 21888K
Event: 19726.265 GC heap after
Heap after GC invocations=83 (full 2):
 def new generation   total 39424K, used 1005K [0x04c00000, 0x076c0000, 0x0f6a0000)
  eden space 35072K,   0% used [0x04c00000, 0x04c00000, 0x06e40000)
  from space 4352K,  23% used [0x07280000, 0x0737b758, 0x076c0000)
  to   space 4352K,   0% used [0x06e40000, 0x06e40000, 0x07280000)
 tenured generation   total 87424K, used 55129K [0x0f6a0000, 0x14c00000, 0x24c00000)
   the space 87424K,  63% used [0x0f6a0000, 0x12c764b0, 0x12c76600, 0x14c00000)
 Metaspace       used 20880K, capacity 21693K, committed 21760K, reserved 21888K
}

