# JRE version: Java(TM) SE Runtime Environment (8.0_92-b14) (build 1.8.0_92-b14)
# Java VM: Java HotSpot(TM) Client VM (25.92-b14 mixed mode windows-x86 )
Heap:
 def new generation   total 39424K, used 2514K [0x04a00000, 0x074c0000, 0x0f4a0000)
  eden space 35072K,   4% used [0x04a00000, 0x04b89c38, 0x06c40000)
  from space 4352K,  21% used [0x07080000, 0x0716ae88, 0x074c0000)
  to   space 4352K,   0% used [0x06c40000, 0x06c40000, 0x07080000)
 tenured generation   total 87424K, used 33318K [0x0f4a0000, 0x14a00000, 0x24a00000)
   the space 87424K,  38% used [0x0f4a0000, 0x11529b00, 0x11529c00, 0x14a00000)
 Metaspace       used 20039K, capacity 20554K, committed 20864K, reserved 20864K
GC Heap History (10 events):
Event: 1668.960 GC heap before
{Heap before GC invocations=12 (full 2):
 def new generation   total 39424K, used 35583K [0x04a00000, 0x074c0000, 0x0f4a0000)
  eden space 35072K, 100% used [0x04a00000, 0x06c40000, 0x06c40000)
  from space 4352K,  11% used [0x06c40000, 0x06cbfcb0, 0x07080000)
  to   space 4352K,   0% used [0x07080000, 0x07080000, 0x074c0000)
 tenured generation   total 87424K, used 30189K [0x0f4a0000, 0x14a00000, 0x24a00000)
   the space 87424K,  34% used [0x0f4a0000, 0x1121b4a8, 0x1121b600, 0x14a00000)
 Metaspace       used 19986K, capacity 20509K, committed 20864K, reserved 20864K
Event: 1668.965 GC heap after
Heap after GC invocations=13 (full 2):
 def new generation   total 39424K, used 679K [0x04a00000, 0x074c0000, 0x0f4a0000)
  eden space 35072K,   0% used [0x04a00000, 0x04a00000, 0x06c40000)
  from space 4352K,  15% used [0x07080000, 0x07129c38, 0x074c0000)
  to   space 4352K,   0% used [0x06c40000, 0x06c40000, 0x07080000)
 tenured generation   total 87424K, used 30189K [0x0f4a0000, 0x14a00000, 0x24a00000)
   the space 87424K,  34% used [0x0f4a0000, 0x1121b4a8, 0x1121b600, 0x14a00000)
 Metaspace       used 19986K, capacity 20509K, committed 20864K, reserved 20864K
}
Event: 1815.046 GC heap before
{Heap before GC invocations=13 (full 2):
 def new generation   total 39424K, used 35751K [0x04a00000, 0x074c0000, 0x0f4a0000)
  eden space 35072K, 100% used [0x04a00000, 0x06c40000, 0x06c40000)
  from space 4352K,  15% used [0x07080000, 0x07129c38, 0x074c0000)
  to   space 4352K,   0% used [0x06c40000, 0x06c40000, 0x07080000)
 tenured generation   total 87424K, used 30189K [0x0f4a0000, 0x14a00000, 0x24a00000)
   the space 87424K,  34% used [0x0f4a0000, 0x1121b4a8, 0x1121b600, 0x14a00000)
 Metaspace       used 19986K, capacity 20509K, committed 20864K, reserved 20864K
Event: 1815.051 GC heap after
Heap after GC invocations=14 (full 2):
 def new generation   total 39424K, used 1265K [0x04a00000, 0x074c0000, 0x0f4a0000)
  eden space 35072K,   0% used [0x04a00000, 0x04a00000, 0x06c40000)
  from space 4352K,  29% used [0x06c40000, 0x06d7c7a8, 0x07080000)
  to   space 4352K,   0% used [0x07080000, 0x07080000, 0x074c0000)
 tenured generation   total 87424K, used 30189K [0x0f4a0000, 0x14a00000, 0x24a00000)
   the space 87424K,  34% used [0x0f4a0000, 0x1121b4a8, 0x1121b600, 0x14a00000)
 Metaspace       used 19986K, capacity 20509K, committed 20864K, reserved 20864K
}
Event: 4791.334 GC heap before
{Heap before GC invocations=14 (full 2):
 def new generation   total 39424K, used 36337K [0x04a00000, 0x074c0000, 0x0f4a0000)
  eden space 35072K, 100% used [0x04a00000, 0x06c40000, 0x06c40000)
  from space 4352K,  29% used [0x06c40000, 0x06d7c7a8, 0x07080000)
  to   space 4352K,   0% used [0x07080000, 0x07080000, 0x074c0000)
 tenured generation   total 87424K, used 30189K [0x0f4a0000, 0x14a00000, 0x24a00000)
   the space 87424K,  34% used [0x0f4a0000, 0x1121b4a8, 0x1121b600, 0x14a00000)
 Metaspace       used 20003K, capacity 20514K, committed 20864K, reserved 20864K
Event: 4791.343 GC heap after
Heap after GC invocations=15 (full 2):
 def new generation   total 39424K, used 3612K [0x04a00000, 0x074c0000, 0x0f4a0000)
  eden space 35072K,   0% used [0x04a00000, 0x04a00000, 0x06c40000)
  from space 4352K,  83% used [0x07080000, 0x074073e8, 0x074c0000)
  to   space 4352K,   0% used [0x06c40000, 0x06c40000, 0x07080000)
 tenured generation   total 87424K, used 30189K [0x0f4a0000, 0x14a00000, 0x24a00000)
   the space 87424K,  34% used [0x0f4a0000, 0x1121b4a8, 0x1121b600, 0x14a00000)
 Metaspace       used 20003K, capacity 20514K, committed 20864K, reserved 20864K
}
Event: 5552.818 GC heap before
{Heap before GC invocations=15 (full 2):
 def new generation   total 39424K, used 38684K [0x04a00000, 0x074c0000, 0x0f4a0000)
  eden space 35072K, 100% used [0x04a00000, 0x06c40000, 0x06c40000)
  from space 4352K,  83% used [0x07080000, 0x074073e8, 0x074c0000)
  to   space 4352K,   0% used [0x06c40000, 0x06c40000, 0x07080000)
 tenured generation   total 87424K, used 30189K [0x0f4a0000, 0x14a00000, 0x24a00000)
   the space 87424K,  34% used [0x0f4a0000, 0x1121b4a8, 0x1121b600, 0x14a00000)
 Metaspace       used 20003K, capacity 20514K, committed 20864K, reserved 20864K
Event: 5552.831 GC heap after
Heap after GC invocations=16 (full 2):
 def new generation   total 39424K, used 213K [0x04a00000, 0x074c0000, 0x0f4a0000)
  eden space 35072K,   0% used [0x04a00000, 0x04a00000, 0x06c40000)
  from space 4352K,   4% used [0x06c40000, 0x06c757a0, 0x07080000)
  to   space 4352K,   0% used [0x07080000, 0x07080000, 0x074c0000)
 tenured generation   total 87424K, used 33318K [0x0f4a0000, 0x14a00000, 0x24a00000)
   the space 87424K,  38% used [0x0f4a0000, 0x11529b00, 0x11529c00, 0x14a00000)
 Metaspace       used 20003K, capacity 20514K, committed 20864K, reserved 20864K
}
Event: 6118.707 GC heap before
{Heap before GC invocations=16 (full 2):
 def new generation   total 39424K, used 35285K [0x04a00000, 0x074c0000, 0x0f4a0000)
  eden space 35072K, 100% used [0x04a00000, 0x06c40000, 0x06c40000)
  from space 4352K,   4% used [0x06c40000, 0x06c757a0, 0x07080000)
  to   space 4352K,   0% used [0x07080000, 0x07080000, 0x074c0000)
 tenured generation   total 87424K, used 33318K [0x0f4a0000, 0x14a00000, 0x24a00000)
   the space 87424K,  38% used [0x0f4a0000, 0x11529b00, 0x11529c00, 0x14a00000)
 Metaspace       used 20039K, capacity 20554K, committed 20864K, reserved 20864K
Event: 6118.711 GC heap after
Heap after GC invocations=17 (full 2):
 def new generation   total 39424K, used 939K [0x04a00000, 0x074c0000, 0x0f4a0000)
  eden space 35072K,   0% used [0x04a00000, 0x04a00000, 0x06c40000)
  from space 4352K,  21% used [0x07080000, 0x0716ae88, 0x074c0000)
  to   space 4352K,   0% used [0x06c40000, 0x06c40000, 0x07080000)
 tenured generation   total 87424K, used 33318K [0x0f4a0000, 0x14a00000, 0x24a00000)
   the space 87424K,  38% used [0x0f4a0000, 0x11529b00, 0x11529c00, 0x14a00000)
 Metaspace       used 20039K, capacity 20554K, committed 20864K, reserved 20864K
}

