# JRE version: Java(TM) SE Runtime Environment (8.0_92-b14) (build 1.8.0_92-b14)
# Java VM: Java HotSpot(TM) Client VM (25.92-b14 mixed mode windows-x86 )
Heap:
 def new generation   total 39424K, used 15290K [0x04a00000, 0x074c0000, 0x0f4a0000)
  eden space 35072K,  42% used [0x04a00000, 0x0588caf0, 0x06c40000)
  from space 4352K,   9% used [0x07080000, 0x070e1ee8, 0x074c0000)
  to   space 4352K,   0% used [0x06c40000, 0x06c40000, 0x07080000)
 tenured generation   total 87424K, used 82883K [0x0f4a0000, 0x14a00000, 0x24a00000)
   the space 87424K,  94% used [0x0f4a0000, 0x14590c80, 0x14590e00, 0x14a00000)
 Metaspace       used 20369K, capacity 20936K, committed 21120K, reserved 21888K
GC Heap History (10 events):
Event: 72480.881 GC heap before
{Heap before GC invocations=444 (full 2):
 def new generation   total 39424K, used 35576K [0x04a00000, 0x074c0000, 0x0f4a0000)
  eden space 35072K, 100% used [0x04a00000, 0x06c40000, 0x06c40000)
  from space 4352K,  11% used [0x06c40000, 0x06cbe0e0, 0x07080000)
  to   space 4352K,   0% used [0x07080000, 0x07080000, 0x074c0000)
 tenured generation   total 87424K, used 82883K [0x0f4a0000, 0x14a00000, 0x24a00000)
   the space 87424K,  94% used [0x0f4a0000, 0x14590c80, 0x14590e00, 0x14a00000)
 Metaspace       used 20369K, capacity 20936K, committed 21120K, reserved 21888K
Event: 72480.883 GC heap after
Heap after GC invocations=445 (full 2):
 def new generation   total 39424K, used 349K [0x04a00000, 0x074c0000, 0x0f4a0000)
  eden space 35072K,   0% used [0x04a00000, 0x04a00000, 0x06c40000)
  from space 4352K,   8% used [0x07080000, 0x070d7728, 0x074c0000)
  to   space 4352K,   0% used [0x06c40000, 0x06c40000, 0x07080000)
 tenured generation   total 87424K, used 82883K [0x0f4a0000, 0x14a00000, 0x24a00000)
   the space 87424K,  94% used [0x0f4a0000, 0x14590c80, 0x14590e00, 0x14a00000)
 Metaspace       used 20369K, capacity 20936K, committed 21120K, reserved 21888K
}
Event: 72637.604 GC heap before
{Heap before GC invocations=445 (full 2):
 def new generation   total 39424K, used 35421K [0x04a00000, 0x074c0000, 0x0f4a0000)
  eden space 35072K, 100% used [0x04a00000, 0x06c40000, 0x06c40000)
  from space 4352K,   8% used [0x07080000, 0x070d7728, 0x074c0000)
  to   space 4352K,   0% used [0x06c40000, 0x06c40000, 0x07080000)
 tenured generation   total 87424K, used 82883K [0x0f4a0000, 0x14a00000, 0x24a00000)
   the space 87424K,  94% used [0x0f4a0000, 0x14590c80, 0x14590e00, 0x14a00000)
 Metaspace       used 20369K, capacity 20936K, committed 21120K, reserved 21888K
Event: 72637.606 GC heap after
Heap after GC invocations=446 (full 2):
 def new generation   total 39424K, used 499K [0x04a00000, 0x074c0000, 0x0f4a0000)
  eden space 35072K,   0% used [0x04a00000, 0x04a00000, 0x06c40000)
  from space 4352K,  11% used [0x06c40000, 0x06cbcd88, 0x07080000)
  to   space 4352K,   0% used [0x07080000, 0x07080000, 0x074c0000)
 tenured generation   total 87424K, used 82883K [0x0f4a0000, 0x14a00000, 0x24a00000)
   the space 87424K,  94% used [0x0f4a0000, 0x14590c80, 0x14590e00, 0x14a00000)
 Metaspace       used 20369K, capacity 20936K, committed 21120K, reserved 21888K
}
Event: 72795.744 GC heap before
{Heap before GC invocations=446 (full 2):
 def new generation   total 39424K, used 35571K [0x04a00000, 0x074c0000, 0x0f4a0000)
  eden space 35072K, 100% used [0x04a00000, 0x06c40000, 0x06c40000)
  from space 4352K,  11% used [0x06c40000, 0x06cbcd88, 0x07080000)
  to   space 4352K,   0% used [0x07080000, 0x07080000, 0x074c0000)
 tenured generation   total 87424K, used 82883K [0x0f4a0000, 0x14a00000, 0x24a00000)
   the space 87424K,  94% used [0x0f4a0000, 0x14590c80, 0x14590e00, 0x14a00000)
 Metaspace       used 20369K, capacity 20936K, committed 21120K, reserved 21888K
Event: 72795.746 GC heap after
Heap after GC invocations=447 (full 2):
 def new generation   total 39424K, used 489K [0x04a00000, 0x074c0000, 0x0f4a0000)
  eden space 35072K,   0% used [0x04a00000, 0x04a00000, 0x06c40000)
  from space 4352K,  11% used [0x07080000, 0x070fa7a0, 0x074c0000)
  to   space 4352K,   0% used [0x06c40000, 0x06c40000, 0x07080000)
 tenured generation   total 87424K, used 82883K [0x0f4a0000, 0x14a00000, 0x24a00000)
   the space 87424K,  94% used [0x0f4a0000, 0x14590c80, 0x14590e00, 0x14a00000)
 Metaspace       used 20369K, capacity 20936K, committed 21120K, reserved 21888K
}
Event: 72950.229 GC heap before
{Heap before GC invocations=447 (full 2):
 def new generation   total 39424K, used 35561K [0x04a00000, 0x074c0000, 0x0f4a0000)
  eden space 35072K, 100% used [0x04a00000, 0x06c40000, 0x06c40000)
  from space 4352K,  11% used [0x07080000, 0x070fa7a0, 0x074c0000)
  to   space 4352K,   0% used [0x06c40000, 0x06c40000, 0x07080000)
 tenured generation   total 87424K, used 82883K [0x0f4a0000, 0x14a00000, 0x24a00000)
   the space 87424K,  94% used [0x0f4a0000, 0x14590c80, 0x14590e00, 0x14a00000)
 Metaspace       used 20369K, capacity 20936K, committed 21120K, reserved 21888K
Event: 72950.232 GC heap after
Heap after GC invocations=448 (full 2):
 def new generation   total 39424K, used 517K [0x04a00000, 0x074c0000, 0x0f4a0000)
  eden space 35072K,   0% used [0x04a00000, 0x04a00000, 0x06c40000)
  from space 4352K,  11% used [0x06c40000, 0x06cc1590, 0x07080000)
  to   space 4352K,   0% used [0x07080000, 0x07080000, 0x074c0000)
 tenured generation   total 87424K, used 82883K [0x0f4a0000, 0x14a00000, 0x24a00000)
   the space 87424K,  94% used [0x0f4a0000, 0x14590c80, 0x14590e00, 0x14a00000)
 Metaspace       used 20369K, capacity 20936K, committed 21120K, reserved 21888K
}
Event: 73104.689 GC heap before
{Heap before GC invocations=448 (full 2):
 def new generation   total 39424K, used 35589K [0x04a00000, 0x074c0000, 0x0f4a0000)
  eden space 35072K, 100% used [0x04a00000, 0x06c40000, 0x06c40000)
  from space 4352K,  11% used [0x06c40000, 0x06cc1590, 0x07080000)
  to   space 4352K,   0% used [0x07080000, 0x07080000, 0x074c0000)
 tenured generation   total 87424K, used 82883K [0x0f4a0000, 0x14a00000, 0x24a00000)
   the space 87424K,  94% used [0x0f4a0000, 0x14590c80, 0x14590e00, 0x14a00000)
 Metaspace       used 20369K, capacity 20936K, committed 21120K, reserved 21888K
Event: 73104.693 GC heap after
Heap after GC invocations=449 (full 2):
 def new generation   total 39424K, used 391K [0x04a00000, 0x074c0000, 0x0f4a0000)
  eden space 35072K,   0% used [0x04a00000, 0x04a00000, 0x06c40000)
  from space 4352K,   9% used [0x07080000, 0x070e1ee8, 0x074c0000)
  to   space 4352K,   0% used [0x06c40000, 0x06c40000, 0x07080000)
 tenured generation   total 87424K, used 82883K [0x0f4a0000, 0x14a00000, 0x24a00000)
   the space 87424K,  94% used [0x0f4a0000, 0x14590c80, 0x14590e00, 0x14a00000)
 Metaspace       used 20369K, capacity 20936K, committed 21120K, reserved 21888K
}

