# JRE version: Java(TM) SE Runtime Environment (8.0_92-b14) (build 1.8.0_92-b14)
# Java VM: Java HotSpot(TM) Client VM (25.92-b14 mixed mode windows-x86 )
Heap:
 def new generation   total 39424K, used 23963K [0x04800000, 0x072c0000, 0x0f2a0000)
  eden space 35072K,  67% used [0x04800000, 0x05f3e298, 0x06a40000)
  from space 4352K,   3% used [0x06e80000, 0x06ea8c10, 0x072c0000)
  to   space 4352K,   0% used [0x06a40000, 0x06a40000, 0x06e80000)
 tenured generation   total 87424K, used 53544K [0x0f2a0000, 0x14800000, 0x24800000)
   the space 87424K,  61% used [0x0f2a0000, 0x126ea218, 0x126ea400, 0x14800000)
 Metaspace       used 20200K, capacity 20760K, committed 21120K, reserved 21888K
GC Heap History (10 events):
Event: 13571.676 GC heap before
{Heap before GC invocations=1002 (full 3):
 def new generation   total 39424K, used 35075K [0x04800000, 0x072c0000, 0x0f2a0000)
  eden space 35072K, 100% used [0x04800000, 0x06a40000, 0x06a40000)
  from space 4352K,   0% used [0x06a40000, 0x06a40fa0, 0x06e80000)
  to   space 4352K,   0% used [0x06e80000, 0x06e80000, 0x072c0000)
 tenured generation   total 87424K, used 51050K [0x0f2a0000, 0x14800000, 0x24800000)
   the space 87424K,  58% used [0x0f2a0000, 0x1247aa50, 0x1247ac00, 0x14800000)
 Metaspace       used 20198K, capacity 20758K, committed 21120K, reserved 21888K
Event: 13571.678 GC heap after
Heap after GC invocations=1003 (full 3):
 def new generation   total 39424K, used 3K [0x04800000, 0x072c0000, 0x0f2a0000)
  eden space 35072K,   0% used [0x04800000, 0x04800000, 0x06a40000)
  from space 4352K,   0% used [0x06e80000, 0x06e80d98, 0x072c0000)
  to   space 4352K,   0% used [0x06a40000, 0x06a40000, 0x06e80000)
 tenured generation   total 87424K, used 51050K [0x0f2a0000, 0x14800000, 0x24800000)
   the space 87424K,  58% used [0x0f2a0000, 0x1247aa50, 0x1247ac00, 0x14800000)
 Metaspace       used 20198K, capacity 20758K, committed 21120K, reserved 21888K
}
Event: 13577.666 GC heap before
{Heap before GC invocations=1003 (full 3):
 def new generation   total 39424K, used 35075K [0x04800000, 0x072c0000, 0x0f2a0000)
  eden space 35072K, 100% used [0x04800000, 0x06a40000, 0x06a40000)
  from space 4352K,   0% used [0x06e80000, 0x06e80d98, 0x072c0000)
  to   space 4352K,   0% used [0x06a40000, 0x06a40000, 0x06e80000)
 tenured generation   total 87424K, used 51050K [0x0f2a0000, 0x14800000, 0x24800000)
   the space 87424K,  58% used [0x0f2a0000, 0x1247aa50, 0x1247ac00, 0x14800000)
 Metaspace       used 20198K, capacity 20758K, committed 21120K, reserved 21888K
Event: 13577.668 GC heap after
Heap after GC invocations=1004 (full 3):
 def new generation   total 39424K, used 3K [0x04800000, 0x072c0000, 0x0f2a0000)
  eden space 35072K,   0% used [0x04800000, 0x04800000, 0x06a40000)
  from space 4352K,   0% used [0x06a40000, 0x06a40ca0, 0x06e80000)
  to   space 4352K,   0% used [0x06e80000, 0x06e80000, 0x072c0000)
 tenured generation   total 87424K, used 51050K [0x0f2a0000, 0x14800000, 0x24800000)
   the space 87424K,  58% used [0x0f2a0000, 0x1247aa50, 0x1247ac00, 0x14800000)
 Metaspace       used 20198K, capacity 20758K, committed 21120K, reserved 21888K
}
Event: 13583.745 GC heap before
{Heap before GC invocations=1004 (full 3):
 def new generation   total 39424K, used 35075K [0x04800000, 0x072c0000, 0x0f2a0000)
  eden space 35072K, 100% used [0x04800000, 0x06a40000, 0x06a40000)
  from space 4352K,   0% used [0x06a40000, 0x06a40ca0, 0x06e80000)
  to   space 4352K,   0% used [0x06e80000, 0x06e80000, 0x072c0000)
 tenured generation   total 87424K, used 51050K [0x0f2a0000, 0x14800000, 0x24800000)
   the space 87424K,  58% used [0x0f2a0000, 0x1247aa50, 0x1247ac00, 0x14800000)
 Metaspace       used 20198K, capacity 20758K, committed 21120K, reserved 21888K
Event: 13583.747 GC heap after
Heap after GC invocations=1005 (full 3):
 def new generation   total 39424K, used 3K [0x04800000, 0x072c0000, 0x0f2a0000)
  eden space 35072K,   0% used [0x04800000, 0x04800000, 0x06a40000)
  from space 4352K,   0% used [0x06e80000, 0x06e80cb0, 0x072c0000)
  to   space 4352K,   0% used [0x06a40000, 0x06a40000, 0x06e80000)
 tenured generation   total 87424K, used 51050K [0x0f2a0000, 0x14800000, 0x24800000)
   the space 87424K,  58% used [0x0f2a0000, 0x1247aa50, 0x1247ac00, 0x14800000)
 Metaspace       used 20198K, capacity 20758K, committed 21120K, reserved 21888K
}
Event: 13660.633 GC heap before
{Heap before GC invocations=1005 (full 3):
 def new generation   total 39424K, used 35075K [0x04800000, 0x072c0000, 0x0f2a0000)
  eden space 35072K, 100% used [0x04800000, 0x06a40000, 0x06a40000)
  from space 4352K,   0% used [0x06e80000, 0x06e80cb0, 0x072c0000)
  to   space 4352K,   0% used [0x06a40000, 0x06a40000, 0x06e80000)
 tenured generation   total 87424K, used 51050K [0x0f2a0000, 0x14800000, 0x24800000)
   the space 87424K,  58% used [0x0f2a0000, 0x1247aa50, 0x1247ac00, 0x14800000)
 Metaspace       used 20200K, capacity 20760K, committed 21120K, reserved 21888K
Event: 13660.652 GC heap after
Heap after GC invocations=1006 (full 3):
 def new generation   total 39424K, used 3005K [0x04800000, 0x072c0000, 0x0f2a0000)
  eden space 35072K,   0% used [0x04800000, 0x04800000, 0x06a40000)
  from space 4352K,  69% used [0x06a40000, 0x06d2f7a8, 0x06e80000)
  to   space 4352K,   0% used [0x06e80000, 0x06e80000, 0x072c0000)
 tenured generation   total 87424K, used 51050K [0x0f2a0000, 0x14800000, 0x24800000)
   the space 87424K,  58% used [0x0f2a0000, 0x1247aa50, 0x1247ac00, 0x14800000)
 Metaspace       used 20200K, capacity 20760K, committed 21120K, reserved 21888K
}
Event: 14051.794 GC heap before
{Heap before GC invocations=1006 (full 3):
 def new generation   total 39424K, used 38077K [0x04800000, 0x072c0000, 0x0f2a0000)
  eden space 35072K, 100% used [0x04800000, 0x06a40000, 0x06a40000)
  from space 4352K,  69% used [0x06a40000, 0x06d2f7a8, 0x06e80000)
  to   space 4352K,   0% used [0x06e80000, 0x06e80000, 0x072c0000)
 tenured generation   total 87424K, used 51050K [0x0f2a0000, 0x14800000, 0x24800000)
   the space 87424K,  58% used [0x0f2a0000, 0x1247aa50, 0x1247ac00, 0x14800000)
 Metaspace       used 20200K, capacity 20760K, committed 21120K, reserved 21888K
Event: 14051.803 GC heap after
Heap after GC invocations=1007 (full 3):
 def new generation   total 39424K, used 163K [0x04800000, 0x072c0000, 0x0f2a0000)
  eden space 35072K,   0% used [0x04800000, 0x04800000, 0x06a40000)
  from space 4352K,   3% used [0x06e80000, 0x06ea8c10, 0x072c0000)
  to   space 4352K,   0% used [0x06a40000, 0x06a40000, 0x06e80000)
 tenured generation   total 87424K, used 53544K [0x0f2a0000, 0x14800000, 0x24800000)
   the space 87424K,  61% used [0x0f2a0000, 0x126ea218, 0x126ea400, 0x14800000)
 Metaspace       used 20200K, capacity 20760K, committed 21120K, reserved 21888K
}

