# JRE version: Java(TM) SE Runtime Environment (8.0_92-b14) (build 1.8.0_92-b14)
# Java VM: Java HotSpot(TM) Client VM (25.92-b14 mixed mode windows-x86 )
Heap:
 def new generation   total 39424K, used 35872K [0x05200000, 0x07cc0000, 0x0fca0000)
  eden space 35072K,  94% used [0x05200000, 0x0725d968, 0x07440000)
  from space 4352K,  62% used [0x07880000, 0x07b2a8b8, 0x07cc0000)
  to   space 4352K,   0% used [0x07440000, 0x07440000, 0x07880000)
 tenured generation   total 87424K, used 30780K [0x0fca0000, 0x15200000, 0x25200000)
   the space 87424K,  35% used [0x0fca0000, 0x11aaf050, 0x11aaf200, 0x15200000)
 Metaspace       used 20259K, capacity 20805K, committed 20864K, reserved 20864K
GC Heap History (10 events):
Event: 43.554 GC heap before
{Heap before GC invocations=4 (full 1):
 def new generation   total 39424K, used 39424K [0x05200000, 0x07cc0000, 0x0fca0000)
  eden space 35072K, 100% used [0x05200000, 0x07440000, 0x07440000)
  from space 4352K, 100% used [0x07880000, 0x07cc0000, 0x07cc0000)
  to   space 4352K,   0% used [0x07440000, 0x07440000, 0x07880000)
 tenured generation   total 87424K, used 17142K [0x0fca0000, 0x15200000, 0x25200000)
   the space 87424K,  19% used [0x0fca0000, 0x10d5db60, 0x10d5dc00, 0x15200000)
 Metaspace       used 17783K, capacity 18275K, committed 18304K, reserved 18816K
Event: 43.571 GC heap after
Heap after GC invocations=5 (full 1):
 def new generation   total 39424K, used 4202K [0x05200000, 0x07cc0000, 0x0fca0000)
  eden space 35072K,   0% used [0x05200000, 0x05200000, 0x07440000)
  from space 4352K,  96% used [0x07440000, 0x0785aaa8, 0x07880000)
  to   space 4352K,   0% used [0x07880000, 0x07880000, 0x07cc0000)
 tenured generation   total 87424K, used 25230K [0x0fca0000, 0x15200000, 0x25200000)
   the space 87424K,  28% used [0x0fca0000, 0x11543a58, 0x11543c00, 0x15200000)
 Metaspace       used 17783K, capacity 18275K, committed 18304K, reserved 18816K
}
Event: 69.432 GC heap before
{Heap before GC invocations=5 (full 1):
 def new generation   total 39424K, used 39274K [0x05200000, 0x07cc0000, 0x0fca0000)
  eden space 35072K, 100% used [0x05200000, 0x07440000, 0x07440000)
  from space 4352K,  96% used [0x07440000, 0x0785aaa8, 0x07880000)
  to   space 4352K,   0% used [0x07880000, 0x07880000, 0x07cc0000)
 tenured generation   total 87424K, used 25230K [0x0fca0000, 0x15200000, 0x25200000)
   the space 87424K,  28% used [0x0fca0000, 0x11543a58, 0x11543c00, 0x15200000)
 Metaspace       used 19564K, capacity 20093K, committed 20096K, reserved 20864K
Event: 69.454 GC heap after
Heap after GC invocations=6 (full 1):
 def new generation   total 39424K, used 4352K [0x05200000, 0x07cc0000, 0x0fca0000)
  eden space 35072K,   0% used [0x05200000, 0x05200000, 0x07440000)
  from space 4352K, 100% used [0x07880000, 0x07cc0000, 0x07cc0000)
  to   space 4352K,   0% used [0x07440000, 0x07440000, 0x07880000)
 tenured generation   total 87424K, used 28521K [0x0fca0000, 0x15200000, 0x25200000)
   the space 87424K,  32% used [0x0fca0000, 0x1187a6c8, 0x1187a800, 0x15200000)
 Metaspace       used 19564K, capacity 20093K, committed 20096K, reserved 20864K
}
Event: 105.739 GC heap before
{Heap before GC invocations=6 (full 1):
 def new generation   total 39424K, used 39345K [0x05200000, 0x07cc0000, 0x0fca0000)
  eden space 35072K,  99% used [0x05200000, 0x0742c4c0, 0x07440000)
  from space 4352K, 100% used [0x07880000, 0x07cc0000, 0x07cc0000)
  to   space 4352K,   0% used [0x07440000, 0x07440000, 0x07880000)
 tenured generation   total 87424K, used 28521K [0x0fca0000, 0x15200000, 0x25200000)
   the space 87424K,  32% used [0x0fca0000, 0x1187a6c8, 0x1187a800, 0x15200000)
 Metaspace       used 19732K, capacity 20285K, committed 20352K, reserved 20864K
Event: 105.756 GC heap after
Heap after GC invocations=7 (full 1):
 def new generation   total 39424K, used 2967K [0x05200000, 0x07cc0000, 0x0fca0000)
  eden space 35072K,   0% used [0x05200000, 0x05200000, 0x07440000)
  from space 4352K,  68% used [0x07440000, 0x07725d40, 0x07880000)
  to   space 4352K,   0% used [0x07880000, 0x07880000, 0x07cc0000)
 tenured generation   total 87424K, used 31292K [0x0fca0000, 0x15200000, 0x25200000)
   the space 87424K,  35% used [0x0fca0000, 0x11b2f148, 0x11b2f200, 0x15200000)
 Metaspace       used 19732K, capacity 20285K, committed 20352K, reserved 20864K
}
Event: 241.574 GC heap before
{Heap before GC invocations=7 (full 1):
 def new generation   total 39424K, used 19062K [0x05200000, 0x07cc0000, 0x0fca0000)
  eden space 35072K,  45% used [0x05200000, 0x061b7c68, 0x07440000)
  from space 4352K,  68% used [0x07440000, 0x07725d40, 0x07880000)
  to   space 4352K,   0% used [0x07880000, 0x07880000, 0x07cc0000)
 tenured generation   total 87424K, used 31292K [0x0fca0000, 0x15200000, 0x25200000)
   the space 87424K,  35% used [0x0fca0000, 0x11b2f148, 0x11b2f200, 0x15200000)
 Metaspace       used 19934K, capacity 20477K, committed 20480K, reserved 20864K
Event: 241.630 GC heap after
Heap after GC invocations=8 (full 2):
 def new generation   total 39424K, used 0K [0x05200000, 0x07cc0000, 0x0fca0000)
  eden space 35072K,   0% used [0x05200000, 0x05200000, 0x07440000)
  from space 4352K,   0% used [0x07440000, 0x07440000, 0x07880000)
  to   space 4352K,   0% used [0x07880000, 0x07880000, 0x07cc0000)
 tenured generation   total 87424K, used 30780K [0x0fca0000, 0x15200000, 0x25200000)
   the space 87424K,  35% used [0x0fca0000, 0x11aaf050, 0x11aaf200, 0x15200000)
 Metaspace       used 19934K, capacity 20477K, committed 20480K, reserved 20864K
}
Event: 1051.280 GC heap before
{Heap before GC invocations=8 (full 2):
 def new generation   total 39424K, used 35072K [0x05200000, 0x07cc0000, 0x0fca0000)
  eden space 35072K, 100% used [0x05200000, 0x07440000, 0x07440000)
  from space 4352K,   0% used [0x07440000, 0x07440000, 0x07880000)
  to   space 4352K,   0% used [0x07880000, 0x07880000, 0x07cc0000)
 tenured generation   total 87424K, used 30780K [0x0fca0000, 0x15200000, 0x25200000)
   the space 87424K,  35% used [0x0fca0000, 0x11aaf050, 0x11aaf200, 0x15200000)
 Metaspace       used 20244K, capacity 20805K, committed 20864K, reserved 20864K
Event: 1051.284 GC heap after
Heap after GC invocations=9 (full 2):
 def new generation   total 39424K, used 2730K [0x05200000, 0x07cc0000, 0x0fca0000)
  eden space 35072K,   0% used [0x05200000, 0x05200000, 0x07440000)
  from space 4352K,  62% used [0x07880000, 0x07b2a8b8, 0x07cc0000)
  to   space 4352K,   0% used [0x07440000, 0x07440000, 0x07880000)
 tenured generation   total 87424K, used 30780K [0x0fca0000, 0x15200000, 0x25200000)
   the space 87424K,  35% used [0x0fca0000, 0x11aaf050, 0x11aaf200, 0x15200000)
 Metaspace       used 20244K, capacity 20805K, committed 20864K, reserved 20864K
}

