# JRE version: Java(TM) SE Runtime Environment (8.0_92-b14) (build 1.8.0_92-b14)
# Java VM: Java HotSpot(TM) Client VM (25.92-b14 mixed mode windows-x86 )
Heap:
 def new generation   total 39424K, used 2537K [0x05400000, 0x07ec0000, 0x0fea0000)
  eden space 35072K,   4% used [0x05400000, 0x055a2af0, 0x07640000)
  from space 4352K,  19% used [0x07640000, 0x07717a28, 0x07a80000)
  to   space 4352K,   0% used [0x07a80000, 0x07a80000, 0x07ec0000)
 tenured generation   total 87424K, used 33293K [0x0fea0000, 0x15400000, 0x25400000)
   the space 87424K,  38% used [0x0fea0000, 0x11f23738, 0x11f23800, 0x15400000)
 Metaspace       used 20063K, capacity 20627K, committed 20992K, reserved 21888K
GC Heap History (10 events):
Event: 2466.741 GC heap before
{Heap before GC invocations=11 (full 2):
 def new generation   total 39424K, used 35984K [0x05400000, 0x07ec0000, 0x0fea0000)
  eden space 35072K, 100% used [0x05400000, 0x07640000, 0x07640000)
  from space 4352K,  20% used [0x07a80000, 0x07b64130, 0x07ec0000)
  to   space 4352K,   0% used [0x07640000, 0x07640000, 0x07a80000)
 tenured generation   total 87424K, used 33293K [0x0fea0000, 0x15400000, 0x25400000)
   the space 87424K,  38% used [0x0fea0000, 0x11f23738, 0x11f23800, 0x15400000)
 Metaspace       used 20061K, capacity 20625K, committed 20992K, reserved 21888K
Event: 2466.746 GC heap after
Heap after GC invocations=12 (full 2):
 def new generation   total 39424K, used 982K [0x05400000, 0x07ec0000, 0x0fea0000)
  eden space 35072K,   0% used [0x05400000, 0x05400000, 0x07640000)
  from space 4352K,  22% used [0x07640000, 0x07735ad0, 0x07a80000)
  to   space 4352K,   0% used [0x07a80000, 0x07a80000, 0x07ec0000)
 tenured generation   total 87424K, used 33293K [0x0fea0000, 0x15400000, 0x25400000)
   the space 87424K,  38% used [0x0fea0000, 0x11f23738, 0x11f23800, 0x15400000)
 Metaspace       used 20061K, capacity 20625K, committed 20992K, reserved 21888K
}
Event: 3303.709 GC heap before
{Heap before GC invocations=12 (full 2):
 def new generation   total 39424K, used 36054K [0x05400000, 0x07ec0000, 0x0fea0000)
  eden space 35072K, 100% used [0x05400000, 0x07640000, 0x07640000)
  from space 4352K,  22% used [0x07640000, 0x07735ad0, 0x07a80000)
  to   space 4352K,   0% used [0x07a80000, 0x07a80000, 0x07ec0000)
 tenured generation   total 87424K, used 33293K [0x0fea0000, 0x15400000, 0x25400000)
   the space 87424K,  38% used [0x0fea0000, 0x11f23738, 0x11f23800, 0x15400000)
 Metaspace       used 20061K, capacity 20625K, committed 20992K, reserved 21888K
Event: 3303.712 GC heap after
Heap after GC invocations=13 (full 2):
 def new generation   total 39424K, used 564K [0x05400000, 0x07ec0000, 0x0fea0000)
  eden space 35072K,   0% used [0x05400000, 0x05400000, 0x07640000)
  from space 4352K,  12% used [0x07a80000, 0x07b0d2f0, 0x07ec0000)
  to   space 4352K,   0% used [0x07640000, 0x07640000, 0x07a80000)
 tenured generation   total 87424K, used 33293K [0x0fea0000, 0x15400000, 0x25400000)
   the space 87424K,  38% used [0x0fea0000, 0x11f23738, 0x11f23800, 0x15400000)
 Metaspace       used 20061K, capacity 20625K, committed 20992K, reserved 21888K
}
Event: 4121.951 GC heap before
{Heap before GC invocations=13 (full 2):
 def new generation   total 39424K, used 35636K [0x05400000, 0x07ec0000, 0x0fea0000)
  eden space 35072K, 100% used [0x05400000, 0x07640000, 0x07640000)
  from space 4352K,  12% used [0x07a80000, 0x07b0d2f0, 0x07ec0000)
  to   space 4352K,   0% used [0x07640000, 0x07640000, 0x07a80000)
 tenured generation   total 87424K, used 33293K [0x0fea0000, 0x15400000, 0x25400000)
   the space 87424K,  38% used [0x0fea0000, 0x11f23738, 0x11f23800, 0x15400000)
 Metaspace       used 20061K, capacity 20625K, committed 20992K, reserved 21888K
Event: 4121.954 GC heap after
Heap after GC invocations=14 (full 2):
 def new generation   total 39424K, used 566K [0x05400000, 0x07ec0000, 0x0fea0000)
  eden space 35072K,   0% used [0x05400000, 0x05400000, 0x07640000)
  from space 4352K,  13% used [0x07640000, 0x076cd908, 0x07a80000)
  to   space 4352K,   0% used [0x07a80000, 0x07a80000, 0x07ec0000)
 tenured generation   total 87424K, used 33293K [0x0fea0000, 0x15400000, 0x25400000)
   the space 87424K,  38% used [0x0fea0000, 0x11f23738, 0x11f23800, 0x15400000)
 Metaspace       used 20061K, capacity 20625K, committed 20992K, reserved 21888K
}
Event: 4960.599 GC heap before
{Heap before GC invocations=14 (full 2):
 def new generation   total 39424K, used 35638K [0x05400000, 0x07ec0000, 0x0fea0000)
  eden space 35072K, 100% used [0x05400000, 0x07640000, 0x07640000)
  from space 4352K,  13% used [0x07640000, 0x076cd908, 0x07a80000)
  to   space 4352K,   0% used [0x07a80000, 0x07a80000, 0x07ec0000)
 tenured generation   total 87424K, used 33293K [0x0fea0000, 0x15400000, 0x25400000)
   the space 87424K,  38% used [0x0fea0000, 0x11f23738, 0x11f23800, 0x15400000)
 Metaspace       used 20061K, capacity 20625K, committed 20992K, reserved 21888K
Event: 4960.602 GC heap after
Heap after GC invocations=15 (full 2):
 def new generation   total 39424K, used 562K [0x05400000, 0x07ec0000, 0x0fea0000)
  eden space 35072K,   0% used [0x05400000, 0x05400000, 0x07640000)
  from space 4352K,  12% used [0x07a80000, 0x07b0cbe0, 0x07ec0000)
  to   space 4352K,   0% used [0x07640000, 0x07640000, 0x07a80000)
 tenured generation   total 87424K, used 33293K [0x0fea0000, 0x15400000, 0x25400000)
   the space 87424K,  38% used [0x0fea0000, 0x11f23738, 0x11f23800, 0x15400000)
 Metaspace       used 20061K, capacity 20625K, committed 20992K, reserved 21888K
}
Event: 5771.123 GC heap before
{Heap before GC invocations=15 (full 2):
 def new generation   total 39424K, used 35634K [0x05400000, 0x07ec0000, 0x0fea0000)
  eden space 35072K, 100% used [0x05400000, 0x07640000, 0x07640000)
  from space 4352K,  12% used [0x07a80000, 0x07b0cbe0, 0x07ec0000)
  to   space 4352K,   0% used [0x07640000, 0x07640000, 0x07a80000)
 tenured generation   total 87424K, used 33293K [0x0fea0000, 0x15400000, 0x25400000)
   the space 87424K,  38% used [0x0fea0000, 0x11f23738, 0x11f23800, 0x15400000)
 Metaspace       used 20063K, capacity 20627K, committed 20992K, reserved 21888K
Event: 5771.126 GC heap after
Heap after GC invocations=16 (full 2):
 def new generation   total 39424K, used 862K [0x05400000, 0x07ec0000, 0x0fea0000)
  eden space 35072K,   0% used [0x05400000, 0x05400000, 0x07640000)
  from space 4352K,  19% used [0x07640000, 0x07717a28, 0x07a80000)
  to   space 4352K,   0% used [0x07a80000, 0x07a80000, 0x07ec0000)
 tenured generation   total 87424K, used 33293K [0x0fea0000, 0x15400000, 0x25400000)
   the space 87424K,  38% used [0x0fea0000, 0x11f23738, 0x11f23800, 0x15400000)
 Metaspace       used 20063K, capacity 20627K, committed 20992K, reserved 21888K
}

