# JRE version: Java(TM) SE Runtime Environment (8.0_92-b14) (build 1.8.0_92-b14)
# Java VM: Java HotSpot(TM) Client VM (25.92-b14 mixed mode windows-x86 )
Heap:
 def new generation   total 39424K, used 21134K [0x05000000, 0x07ac0000, 0x0faa0000)
  eden space 35072K,  60% used [0x05000000, 0x06498ce0, 0x07240000)
  from space 4352K,   0% used [0x07680000, 0x0768ad20, 0x07ac0000)
  to   space 4352K,   0% used [0x07240000, 0x07240000, 0x07680000)
 tenured generation   total 87424K, used 34416K [0x0faa0000, 0x15000000, 0x25000000)
   the space 87424K,  39% used [0x0faa0000, 0x11c3c020, 0x11c3c200, 0x15000000)
 Metaspace       used 19979K, capacity 20524K, committed 20864K, reserved 20864K
GC Heap History (10 events):
Event: 10245.863 GC heap before
{Heap before GC invocations=20 (full 2):
 def new generation   total 39424K, used 35111K [0x05000000, 0x07ac0000, 0x0faa0000)
  eden space 35072K, 100% used [0x05000000, 0x07240000, 0x07240000)
  from space 4352K,   0% used [0x07240000, 0x07249f08, 0x07680000)
  to   space 4352K,   0% used [0x07680000, 0x07680000, 0x07ac0000)
 tenured generation   total 87424K, used 34416K [0x0faa0000, 0x15000000, 0x25000000)
   the space 87424K,  39% used [0x0faa0000, 0x11c3c020, 0x11c3c200, 0x15000000)
 Metaspace       used 19977K, capacity 20521K, committed 20864K, reserved 20864K
Event: 10245.865 GC heap after
Heap after GC invocations=21 (full 2):
 def new generation   total 39424K, used 252K [0x05000000, 0x07ac0000, 0x0faa0000)
  eden space 35072K,   0% used [0x05000000, 0x05000000, 0x07240000)
  from space 4352K,   5% used [0x07680000, 0x076bf1d0, 0x07ac0000)
  to   space 4352K,   0% used [0x07240000, 0x07240000, 0x07680000)
 tenured generation   total 87424K, used 34416K [0x0faa0000, 0x15000000, 0x25000000)
   the space 87424K,  39% used [0x0faa0000, 0x11c3c020, 0x11c3c200, 0x15000000)
 Metaspace       used 19977K, capacity 20521K, committed 20864K, reserved 20864K
}
Event: 10849.702 GC heap before
{Heap before GC invocations=21 (full 2):
 def new generation   total 39424K, used 35324K [0x05000000, 0x07ac0000, 0x0faa0000)
  eden space 35072K, 100% used [0x05000000, 0x07240000, 0x07240000)
  from space 4352K,   5% used [0x07680000, 0x076bf1d0, 0x07ac0000)
  to   space 4352K,   0% used [0x07240000, 0x07240000, 0x07680000)
 tenured generation   total 87424K, used 34416K [0x0faa0000, 0x15000000, 0x25000000)
   the space 87424K,  39% used [0x0faa0000, 0x11c3c020, 0x11c3c200, 0x15000000)
 Metaspace       used 19979K, capacity 20524K, committed 20864K, reserved 20864K
Event: 10849.704 GC heap after
Heap after GC invocations=22 (full 2):
 def new generation   total 39424K, used 88K [0x05000000, 0x07ac0000, 0x0faa0000)
  eden space 35072K,   0% used [0x05000000, 0x05000000, 0x07240000)
  from space 4352K,   2% used [0x07240000, 0x07256138, 0x07680000)
  to   space 4352K,   0% used [0x07680000, 0x07680000, 0x07ac0000)
 tenured generation   total 87424K, used 34416K [0x0faa0000, 0x15000000, 0x25000000)
   the space 87424K,  39% used [0x0faa0000, 0x11c3c020, 0x11c3c200, 0x15000000)
 Metaspace       used 19979K, capacity 20524K, committed 20864K, reserved 20864K
}
Event: 11444.631 GC heap before
{Heap before GC invocations=22 (full 2):
 def new generation   total 39424K, used 35160K [0x05000000, 0x07ac0000, 0x0faa0000)
  eden space 35072K, 100% used [0x05000000, 0x07240000, 0x07240000)
  from space 4352K,   2% used [0x07240000, 0x07256138, 0x07680000)
  to   space 4352K,   0% used [0x07680000, 0x07680000, 0x07ac0000)
 tenured generation   total 87424K, used 34416K [0x0faa0000, 0x15000000, 0x25000000)
   the space 87424K,  39% used [0x0faa0000, 0x11c3c020, 0x11c3c200, 0x15000000)
 Metaspace       used 19979K, capacity 20524K, committed 20864K, reserved 20864K
Event: 11444.633 GC heap after
Heap after GC invocations=23 (full 2):
 def new generation   total 39424K, used 47K [0x05000000, 0x07ac0000, 0x0faa0000)
  eden space 35072K,   0% used [0x05000000, 0x05000000, 0x07240000)
  from space 4352K,   1% used [0x07680000, 0x0768bea8, 0x07ac0000)
  to   space 4352K,   0% used [0x07240000, 0x07240000, 0x07680000)
 tenured generation   total 87424K, used 34416K [0x0faa0000, 0x15000000, 0x25000000)
   the space 87424K,  39% used [0x0faa0000, 0x11c3c020, 0x11c3c200, 0x15000000)
 Metaspace       used 19979K, capacity 20524K, committed 20864K, reserved 20864K
}
Event: 12063.534 GC heap before
{Heap before GC invocations=23 (full 2):
 def new generation   total 39424K, used 35119K [0x05000000, 0x07ac0000, 0x0faa0000)
  eden space 35072K, 100% used [0x05000000, 0x07240000, 0x07240000)
  from space 4352K,   1% used [0x07680000, 0x0768bea8, 0x07ac0000)
  to   space 4352K,   0% used [0x07240000, 0x07240000, 0x07680000)
 tenured generation   total 87424K, used 34416K [0x0faa0000, 0x15000000, 0x25000000)
   the space 87424K,  39% used [0x0faa0000, 0x11c3c020, 0x11c3c200, 0x15000000)
 Metaspace       used 19979K, capacity 20524K, committed 20864K, reserved 20864K
Event: 12063.558 GC heap after
Heap after GC invocations=24 (full 2):
 def new generation   total 39424K, used 44K [0x05000000, 0x07ac0000, 0x0faa0000)
  eden space 35072K,   0% used [0x05000000, 0x05000000, 0x07240000)
  from space 4352K,   1% used [0x07240000, 0x0724b0e0, 0x07680000)
  to   space 4352K,   0% used [0x07680000, 0x07680000, 0x07ac0000)
 tenured generation   total 87424K, used 34416K [0x0faa0000, 0x15000000, 0x25000000)
   the space 87424K,  39% used [0x0faa0000, 0x11c3c020, 0x11c3c200, 0x15000000)
 Metaspace       used 19979K, capacity 20524K, committed 20864K, reserved 20864K
}
Event: 12685.671 GC heap before
{Heap before GC invocations=24 (full 2):
 def new generation   total 39424K, used 35116K [0x05000000, 0x07ac0000, 0x0faa0000)
  eden space 35072K, 100% used [0x05000000, 0x07240000, 0x07240000)
  from space 4352K,   1% used [0x07240000, 0x0724b0e0, 0x07680000)
  to   space 4352K,   0% used [0x07680000, 0x07680000, 0x07ac0000)
 tenured generation   total 87424K, used 34416K [0x0faa0000, 0x15000000, 0x25000000)
   the space 87424K,  39% used [0x0faa0000, 0x11c3c020, 0x11c3c200, 0x15000000)
 Metaspace       used 19979K, capacity 20524K, committed 20864K, reserved 20864K
Event: 12685.674 GC heap after
Heap after GC invocations=25 (full 2):
 def new generation   total 39424K, used 43K [0x05000000, 0x07ac0000, 0x0faa0000)
  eden space 35072K,   0% used [0x05000000, 0x05000000, 0x07240000)
  from space 4352K,   0% used [0x07680000, 0x0768ad20, 0x07ac0000)
  to   space 4352K,   0% used [0x07240000, 0x07240000, 0x07680000)
 tenured generation   total 87424K, used 34416K [0x0faa0000, 0x15000000, 0x25000000)
   the space 87424K,  39% used [0x0faa0000, 0x11c3c020, 0x11c3c200, 0x15000000)
 Metaspace       used 19979K, capacity 20524K, committed 20864K, reserved 20864K
}

