# JRE version: Java(TM) SE Runtime Environment (8.0_92-b14) (build 1.8.0_92-b14)
# Java VM: Java HotSpot(TM) Client VM (25.92-b14 mixed mode windows-x86 )
Heap:
 def new generation   total 51904K, used 38437K [0x04a00000, 0x08250000, 0x0f4a0000)
  eden space 46144K,  77% used [0x04a00000, 0x06ce1d88, 0x07710000)
  from space 5760K,  47% used [0x07710000, 0x079b7748, 0x07cb0000)
  to   space 5760K,   0% used [0x07cb0000, 0x07cb0000, 0x08250000)
 tenured generation   total 115180K, used 104612K [0x0f4a0000, 0x1651b000, 0x24a00000)
   the space 115180K,  90% used [0x0f4a0000, 0x15ac90e8, 0x15ac9200, 0x1651b000)
 Metaspace       used 20291K, capacity 20839K, committed 21120K, reserved 21888K
GC Heap History (10 events):
Event: 129762.063 GC heap before
{Heap before GC invocations=1482 (full 5):
 def new generation   total 51904K, used 48457K [0x04a00000, 0x08250000, 0x0f4a0000)
  eden space 46144K, 100% used [0x04a00000, 0x07710000, 0x07710000)
  from space 5760K,  40% used [0x07cb0000, 0x07ef2520, 0x08250000)
  to   space 5760K,   0% used [0x07710000, 0x07710000, 0x07cb0000)
 tenured generation   total 115180K, used 104612K [0x0f4a0000, 0x1651b000, 0x24a00000)
   the space 115180K,  90% used [0x0f4a0000, 0x15ac90e8, 0x15ac9200, 0x1651b000)
 Metaspace       used 20289K, capacity 20837K, committed 21120K, reserved 21888K
Event: 129762.066 GC heap after
Heap after GC invocations=1483 (full 5):
 def new generation   total 51904K, used 2310K [0x04a00000, 0x08250000, 0x0f4a0000)
  eden space 46144K,   0% used [0x04a00000, 0x04a00000, 0x07710000)
  from space 5760K,  40% used [0x07710000, 0x07951928, 0x07cb0000)
  to   space 5760K,   0% used [0x07cb0000, 0x07cb0000, 0x08250000)
 tenured generation   total 115180K, used 104612K [0x0f4a0000, 0x1651b000, 0x24a00000)
   the space 115180K,  90% used [0x0f4a0000, 0x15ac90e8, 0x15ac9200, 0x1651b000)
 Metaspace       used 20289K, capacity 20837K, committed 21120K, reserved 21888K
}
Event: 130057.727 GC heap before
{Heap before GC invocations=1483 (full 5):
 def new generation   total 51904K, used 48454K [0x04a00000, 0x08250000, 0x0f4a0000)
  eden space 46144K, 100% used [0x04a00000, 0x07710000, 0x07710000)
  from space 5760K,  40% used [0x07710000, 0x07951928, 0x07cb0000)
  to   space 5760K,   0% used [0x07cb0000, 0x07cb0000, 0x08250000)
 tenured generation   total 115180K, used 104612K [0x0f4a0000, 0x1651b000, 0x24a00000)
   the space 115180K,  90% used [0x0f4a0000, 0x15ac90e8, 0x15ac9200, 0x1651b000)
 Metaspace       used 20289K, capacity 20837K, committed 21120K, reserved 21888K
Event: 130057.731 GC heap after
Heap after GC invocations=1484 (full 5):
 def new generation   total 51904K, used 2641K [0x04a00000, 0x08250000, 0x0f4a0000)
  eden space 46144K,   0% used [0x04a00000, 0x04a00000, 0x07710000)
  from space 5760K,  45% used [0x07cb0000, 0x07f44470, 0x08250000)
  to   space 5760K,   0% used [0x07710000, 0x07710000, 0x07cb0000)
 tenured generation   total 115180K, used 104612K [0x0f4a0000, 0x1651b000, 0x24a00000)
   the space 115180K,  90% used [0x0f4a0000, 0x15ac90e8, 0x15ac9200, 0x1651b000)
 Metaspace       used 20289K, capacity 20837K, committed 21120K, reserved 21888K
}
Event: 130388.712 GC heap before
{Heap before GC invocations=1484 (full 5):
 def new generation   total 51904K, used 48785K [0x04a00000, 0x08250000, 0x0f4a0000)
  eden space 46144K, 100% used [0x04a00000, 0x07710000, 0x07710000)
  from space 5760K,  45% used [0x07cb0000, 0x07f44470, 0x08250000)
  to   space 5760K,   0% used [0x07710000, 0x07710000, 0x07cb0000)
 tenured generation   total 115180K, used 104612K [0x0f4a0000, 0x1651b000, 0x24a00000)
   the space 115180K,  90% used [0x0f4a0000, 0x15ac90e8, 0x15ac9200, 0x1651b000)
 Metaspace       used 20289K, capacity 20837K, committed 21120K, reserved 21888K
Event: 130388.715 GC heap after
Heap after GC invocations=1485 (full 5):
 def new generation   total 51904K, used 2638K [0x04a00000, 0x08250000, 0x0f4a0000)
  eden space 46144K,   0% used [0x04a00000, 0x04a00000, 0x07710000)
  from space 5760K,  45% used [0x07710000, 0x079a3a20, 0x07cb0000)
  to   space 5760K,   0% used [0x07cb0000, 0x07cb0000, 0x08250000)
 tenured generation   total 115180K, used 104612K [0x0f4a0000, 0x1651b000, 0x24a00000)
   the space 115180K,  90% used [0x0f4a0000, 0x15ac90e8, 0x15ac9200, 0x1651b000)
 Metaspace       used 20289K, capacity 20837K, committed 21120K, reserved 21888K
}
Event: 130736.992 GC heap before
{Heap before GC invocations=1485 (full 5):
 def new generation   total 51904K, used 48782K [0x04a00000, 0x08250000, 0x0f4a0000)
  eden space 46144K, 100% used [0x04a00000, 0x07710000, 0x07710000)
  from space 5760K,  45% used [0x07710000, 0x079a3a20, 0x07cb0000)
  to   space 5760K,   0% used [0x07cb0000, 0x07cb0000, 0x08250000)
 tenured generation   total 115180K, used 104612K [0x0f4a0000, 0x1651b000, 0x24a00000)
   the space 115180K,  90% used [0x0f4a0000, 0x15ac90e8, 0x15ac9200, 0x1651b000)
 Metaspace       used 20289K, capacity 20837K, committed 21120K, reserved 21888K
Event: 130736.995 GC heap after
Heap after GC invocations=1486 (full 5):
 def new generation   total 51904K, used 2342K [0x04a00000, 0x08250000, 0x0f4a0000)
  eden space 46144K,   0% used [0x04a00000, 0x04a00000, 0x07710000)
  from space 5760K,  40% used [0x07cb0000, 0x07ef9bc8, 0x08250000)
  to   space 5760K,   0% used [0x07710000, 0x07710000, 0x07cb0000)
 tenured generation   total 115180K, used 104612K [0x0f4a0000, 0x1651b000, 0x24a00000)
   the space 115180K,  90% used [0x0f4a0000, 0x15ac90e8, 0x15ac9200, 0x1651b000)
 Metaspace       used 20289K, capacity 20837K, committed 21120K, reserved 21888K
}
Event: 130950.395 GC heap before
{Heap before GC invocations=1486 (full 5):
 def new generation   total 51904K, used 48486K [0x04a00000, 0x08250000, 0x0f4a0000)
  eden space 46144K, 100% used [0x04a00000, 0x07710000, 0x07710000)
  from space 5760K,  40% used [0x07cb0000, 0x07ef9bc8, 0x08250000)
  to   space 5760K,   0% used [0x07710000, 0x07710000, 0x07cb0000)
 tenured generation   total 115180K, used 104612K [0x0f4a0000, 0x1651b000, 0x24a00000)
   the space 115180K,  90% used [0x0f4a0000, 0x15ac90e8, 0x15ac9200, 0x1651b000)
 Metaspace       used 20289K, capacity 20837K, committed 21120K, reserved 21888K
Event: 130950.400 GC heap after
Heap after GC invocations=1487 (full 5):
 def new generation   total 51904K, used 2717K [0x04a00000, 0x08250000, 0x0f4a0000)
  eden space 46144K,   0% used [0x04a00000, 0x04a00000, 0x07710000)
  from space 5760K,  47% used [0x07710000, 0x079b7748, 0x07cb0000)
  to   space 5760K,   0% used [0x07cb0000, 0x07cb0000, 0x08250000)
 tenured generation   total 115180K, used 104612K [0x0f4a0000, 0x1651b000, 0x24a00000)
   the space 115180K,  90% used [0x0f4a0000, 0x15ac90e8, 0x15ac9200, 0x1651b000)
 Metaspace       used 20289K, capacity 20837K, committed 21120K, reserved 21888K
}

