# JRE version: Java(TM) SE Runtime Environment (8.0_92-b14) (build 1.8.0_92-b14)
# Java VM: Java HotSpot(TM) Client VM (25.92-b14 mixed mode windows-x86 )
Heap:
 def new generation   total 39424K, used 24619K [0x04a00000, 0x074c0000, 0x0f4a0000)
  eden space 35072K,  69% used [0x04a00000, 0x061d34b0, 0x06c40000)
  from space 4352K,   5% used [0x06c40000, 0x06c779a8, 0x07080000)
  to   space 4352K,   0% used [0x07080000, 0x07080000, 0x074c0000)
 tenured generation   total 87424K, used 35577K [0x0f4a0000, 0x14a00000, 0x24a00000)
   the space 87424K,  40% used [0x0f4a0000, 0x1175e5a8, 0x1175e600, 0x14a00000)
 Metaspace       used 19910K, capacity 20408K, committed 20736K, reserved 20864K
GC Heap History (10 events):
Event: 446.448 GC heap before
{Heap before GC invocations=5 (full 1):
 def new generation   total 39424K, used 39424K [0x04a00000, 0x074c0000, 0x0f4a0000)
  eden space 35072K, 100% used [0x04a00000, 0x06c40000, 0x06c40000)
  from space 4352K, 100% used [0x06c40000, 0x07080000, 0x07080000)
  to   space 4352K,   0% used [0x07080000, 0x07080000, 0x074c0000)
 tenured generation   total 87424K, used 26488K [0x0f4a0000, 0x14a00000, 0x24a00000)
   the space 87424K,  30% used [0x0f4a0000, 0x10e7e270, 0x10e7e400, 0x14a00000)
 Metaspace       used 19839K, capacity 20347K, committed 20480K, reserved 20864K
Event: 446.461 GC heap after
Heap after GC invocations=6 (full 1):
 def new generation   total 39424K, used 4352K [0x04a00000, 0x074c0000, 0x0f4a0000)
  eden space 35072K,   0% used [0x04a00000, 0x04a00000, 0x06c40000)
  from space 4352K, 100% used [0x07080000, 0x074c0000, 0x074c0000)
  to   space 4352K,   0% used [0x06c40000, 0x06c40000, 0x07080000)
 tenured generation   total 87424K, used 30064K [0x0f4a0000, 0x14a00000, 0x24a00000)
   the space 87424K,  34% used [0x0f4a0000, 0x111fc248, 0x111fc400, 0x14a00000)
 Metaspace       used 19839K, capacity 20347K, committed 20480K, reserved 20864K
}
Event: 450.006 GC heap before
{Heap before GC invocations=6 (full 1):
 def new generation   total 39424K, used 39424K [0x04a00000, 0x074c0000, 0x0f4a0000)
  eden space 35072K, 100% used [0x04a00000, 0x06c40000, 0x06c40000)
  from space 4352K, 100% used [0x07080000, 0x074c0000, 0x074c0000)
  to   space 4352K,   0% used [0x06c40000, 0x06c40000, 0x07080000)
 tenured generation   total 87424K, used 30064K [0x0f4a0000, 0x14a00000, 0x24a00000)
   the space 87424K,  34% used [0x0f4a0000, 0x111fc248, 0x111fc400, 0x14a00000)
 Metaspace       used 19841K, capacity 20347K, committed 20480K, reserved 20864K
Event: 450.016 GC heap after
Heap after GC invocations=7 (full 1):
 def new generation   total 39424K, used 1084K [0x04a00000, 0x074c0000, 0x0f4a0000)
  eden space 35072K,   0% used [0x04a00000, 0x04a00000, 0x06c40000)
  from space 4352K,  24% used [0x06c40000, 0x06d4f1d8, 0x07080000)
  to   space 4352K,   0% used [0x07080000, 0x07080000, 0x074c0000)
 tenured generation   total 87424K, used 34371K [0x0f4a0000, 0x14a00000, 0x24a00000)
   the space 87424K,  39% used [0x0f4a0000, 0x11630d28, 0x11630e00, 0x14a00000)
 Metaspace       used 19841K, capacity 20347K, committed 20480K, reserved 20864K
}
Event: 543.783 GC heap before
{Heap before GC invocations=7 (full 1):
 def new generation   total 39424K, used 21133K [0x04a00000, 0x074c0000, 0x0f4a0000)
  eden space 35072K,  57% used [0x04a00000, 0x05d943f8, 0x06c40000)
  from space 4352K,  24% used [0x06c40000, 0x06d4f1d8, 0x07080000)
  to   space 4352K,   0% used [0x07080000, 0x07080000, 0x074c0000)
 tenured generation   total 87424K, used 34371K [0x0f4a0000, 0x14a00000, 0x24a00000)
   the space 87424K,  39% used [0x0f4a0000, 0x11630d28, 0x11630e00, 0x14a00000)
 Metaspace       used 19959K, capacity 20478K, committed 20480K, reserved 20864K
Event: 543.841 GC heap after
Heap after GC invocations=8 (full 2):
 def new generation   total 39424K, used 0K [0x04a00000, 0x074c0000, 0x0f4a0000)
  eden space 35072K,   0% used [0x04a00000, 0x04a00000, 0x06c40000)
  from space 4352K,   0% used [0x06c40000, 0x06c40000, 0x07080000)
  to   space 4352K,   0% used [0x07080000, 0x07080000, 0x074c0000)
 tenured generation   total 87424K, used 31328K [0x0f4a0000, 0x14a00000, 0x24a00000)
   the space 87424K,  35% used [0x0f4a0000, 0x11338008, 0x11338200, 0x14a00000)
 Metaspace       used 19778K, capacity 20245K, committed 20480K, reserved 20864K
}
Event: 902.529 GC heap before
{Heap before GC invocations=8 (full 2):
 def new generation   total 39424K, used 35072K [0x04a00000, 0x074c0000, 0x0f4a0000)
  eden space 35072K, 100% used [0x04a00000, 0x06c40000, 0x06c40000)
  from space 4352K,   0% used [0x06c40000, 0x06c40000, 0x07080000)
  to   space 4352K,   0% used [0x07080000, 0x07080000, 0x074c0000)
 tenured generation   total 87424K, used 31328K [0x0f4a0000, 0x14a00000, 0x24a00000)
   the space 87424K,  35% used [0x0f4a0000, 0x11338008, 0x11338200, 0x14a00000)
 Metaspace       used 19792K, capacity 20280K, committed 20608K, reserved 20864K
Event: 902.540 GC heap after
Heap after GC invocations=9 (full 2):
 def new generation   total 39424K, used 4260K [0x04a00000, 0x074c0000, 0x0f4a0000)
  eden space 35072K,   0% used [0x04a00000, 0x04a00000, 0x06c40000)
  from space 4352K,  97% used [0x07080000, 0x074a91b8, 0x074c0000)
  to   space 4352K,   0% used [0x06c40000, 0x06c40000, 0x07080000)
 tenured generation   total 87424K, used 31328K [0x0f4a0000, 0x14a00000, 0x24a00000)
   the space 87424K,  35% used [0x0f4a0000, 0x11338008, 0x11338200, 0x14a00000)
 Metaspace       used 19792K, capacity 20280K, committed 20608K, reserved 20864K
}
Event: 1312.656 GC heap before
{Heap before GC invocations=9 (full 2):
 def new generation   total 39424K, used 39332K [0x04a00000, 0x074c0000, 0x0f4a0000)
  eden space 35072K, 100% used [0x04a00000, 0x06c40000, 0x06c40000)
  from space 4352K,  97% used [0x07080000, 0x074a91b8, 0x074c0000)
  to   space 4352K,   0% used [0x06c40000, 0x06c40000, 0x07080000)
 tenured generation   total 87424K, used 31328K [0x0f4a0000, 0x14a00000, 0x24a00000)
   the space 87424K,  35% used [0x0f4a0000, 0x11338008, 0x11338200, 0x14a00000)
 Metaspace       used 19909K, capacity 20376K, committed 20608K, reserved 20864K
Event: 1312.661 GC heap after
Heap after GC invocations=10 (full 2):
 def new generation   total 39424K, used 222K [0x04a00000, 0x074c0000, 0x0f4a0000)
  eden space 35072K,   0% used [0x04a00000, 0x04a00000, 0x06c40000)
  from space 4352K,   5% used [0x06c40000, 0x06c779a8, 0x07080000)
  to   space 4352K,   0% used [0x07080000, 0x07080000, 0x074c0000)
 tenured generation   total 87424K, used 35577K [0x0f4a0000, 0x14a00000, 0x24a00000)
   the space 87424K,  40% used [0x0f4a0000, 0x1175e5a8, 0x1175e600, 0x14a00000)
 Metaspace       used 19909K, capacity 20376K, committed 20608K, reserved 20864K
}

