# JRE version: Java(TM) SE Runtime Environment (8.0_92-b14) (build 1.8.0_92-b14)
# Java VM: Java HotSpot(TM) Client VM (25.92-b14 mixed mode windows-x86 )
Heap:
 def new generation   total 39424K, used 15848K [0x04e00000, 0x078c0000, 0x0f8a0000)
  eden space 35072K,  43% used [0x04e00000, 0x05cc6358, 0x07040000)
  from space 4352K,  16% used [0x07040000, 0x070f3cb8, 0x07480000)
  to   space 4352K,   0% used [0x07480000, 0x07480000, 0x078c0000)
 tenured generation   total 87424K, used 35976K [0x0f8a0000, 0x14e00000, 0x24e00000)
   the space 87424K,  41% used [0x0f8a0000, 0x11bc2058, 0x11bc2200, 0x14e00000)
 Metaspace       used 19984K, capacity 20572K, committed 20608K, reserved 20864K
GC Heap History (10 events):
Event: 1530.437 GC heap before
{Heap before GC invocations=9 (full 2):
 def new generation   total 39424K, used 35744K [0x04e00000, 0x078c0000, 0x0f8a0000)
  eden space 35072K, 100% used [0x04e00000, 0x07040000, 0x07040000)
  from space 4352K,  15% used [0x07480000, 0x07528258, 0x078c0000)
  to   space 4352K,   0% used [0x07040000, 0x07040000, 0x07480000)
 tenured generation   total 87424K, used 35976K [0x0f8a0000, 0x14e00000, 0x24e00000)
   the space 87424K,  41% used [0x0f8a0000, 0x11bc2058, 0x11bc2200, 0x14e00000)
 Metaspace       used 19984K, capacity 20572K, committed 20608K, reserved 20864K
Event: 1530.449 GC heap after
Heap after GC invocations=10 (full 2):
 def new generation   total 39424K, used 1018K [0x04e00000, 0x078c0000, 0x0f8a0000)
  eden space 35072K,   0% used [0x04e00000, 0x04e00000, 0x07040000)
  from space 4352K,  23% used [0x07040000, 0x0713eb00, 0x07480000)
  to   space 4352K,   0% used [0x07480000, 0x07480000, 0x078c0000)
 tenured generation   total 87424K, used 35976K [0x0f8a0000, 0x14e00000, 0x24e00000)
   the space 87424K,  41% used [0x0f8a0000, 0x11bc2058, 0x11bc2200, 0x14e00000)
 Metaspace       used 19984K, capacity 20572K, committed 20608K, reserved 20864K
}
Event: 2396.206 GC heap before
{Heap before GC invocations=10 (full 2):
 def new generation   total 39424K, used 36090K [0x04e00000, 0x078c0000, 0x0f8a0000)
  eden space 35072K, 100% used [0x04e00000, 0x07040000, 0x07040000)
  from space 4352K,  23% used [0x07040000, 0x0713eb00, 0x07480000)
  to   space 4352K,   0% used [0x07480000, 0x07480000, 0x078c0000)
 tenured generation   total 87424K, used 35976K [0x0f8a0000, 0x14e00000, 0x24e00000)
   the space 87424K,  41% used [0x0f8a0000, 0x11bc2058, 0x11bc2200, 0x14e00000)
 Metaspace       used 19984K, capacity 20572K, committed 20608K, reserved 20864K
Event: 2396.209 GC heap after
Heap after GC invocations=11 (full 2):
 def new generation   total 39424K, used 714K [0x04e00000, 0x078c0000, 0x0f8a0000)
  eden space 35072K,   0% used [0x04e00000, 0x04e00000, 0x07040000)
  from space 4352K,  16% used [0x07480000, 0x07532818, 0x078c0000)
  to   space 4352K,   0% used [0x07040000, 0x07040000, 0x07480000)
 tenured generation   total 87424K, used 35976K [0x0f8a0000, 0x14e00000, 0x24e00000)
   the space 87424K,  41% used [0x0f8a0000, 0x11bc2058, 0x11bc2200, 0x14e00000)
 Metaspace       used 19984K, capacity 20572K, committed 20608K, reserved 20864K
}
Event: 3246.735 GC heap before
{Heap before GC invocations=11 (full 2):
 def new generation   total 39424K, used 35786K [0x04e00000, 0x078c0000, 0x0f8a0000)
  eden space 35072K, 100% used [0x04e00000, 0x07040000, 0x07040000)
  from space 4352K,  16% used [0x07480000, 0x07532818, 0x078c0000)
  to   space 4352K,   0% used [0x07040000, 0x07040000, 0x07480000)
 tenured generation   total 87424K, used 35976K [0x0f8a0000, 0x14e00000, 0x24e00000)
   the space 87424K,  41% used [0x0f8a0000, 0x11bc2058, 0x11bc2200, 0x14e00000)
 Metaspace       used 19984K, capacity 20572K, committed 20608K, reserved 20864K
Event: 3246.740 GC heap after
Heap after GC invocations=12 (full 2):
 def new generation   total 39424K, used 711K [0x04e00000, 0x078c0000, 0x0f8a0000)
  eden space 35072K,   0% used [0x04e00000, 0x04e00000, 0x07040000)
  from space 4352K,  16% used [0x07040000, 0x070f1c78, 0x07480000)
  to   space 4352K,   0% used [0x07480000, 0x07480000, 0x078c0000)
 tenured generation   total 87424K, used 35976K [0x0f8a0000, 0x14e00000, 0x24e00000)
   the space 87424K,  41% used [0x0f8a0000, 0x11bc2058, 0x11bc2200, 0x14e00000)
 Metaspace       used 19984K, capacity 20572K, committed 20608K, reserved 20864K
}
Event: 4094.920 GC heap before
{Heap before GC invocations=12 (full 2):
 def new generation   total 39424K, used 35783K [0x04e00000, 0x078c0000, 0x0f8a0000)
  eden space 35072K, 100% used [0x04e00000, 0x07040000, 0x07040000)
  from space 4352K,  16% used [0x07040000, 0x070f1c78, 0x07480000)
  to   space 4352K,   0% used [0x07480000, 0x07480000, 0x078c0000)
 tenured generation   total 87424K, used 35976K [0x0f8a0000, 0x14e00000, 0x24e00000)
   the space 87424K,  41% used [0x0f8a0000, 0x11bc2058, 0x11bc2200, 0x14e00000)
 Metaspace       used 19984K, capacity 20572K, committed 20608K, reserved 20864K
Event: 4094.923 GC heap after
Heap after GC invocations=13 (full 2):
 def new generation   total 39424K, used 710K [0x04e00000, 0x078c0000, 0x0f8a0000)
  eden space 35072K,   0% used [0x04e00000, 0x04e00000, 0x07040000)
  from space 4352K,  16% used [0x07480000, 0x07531840, 0x078c0000)
  to   space 4352K,   0% used [0x07040000, 0x07040000, 0x07480000)
 tenured generation   total 87424K, used 35976K [0x0f8a0000, 0x14e00000, 0x24e00000)
   the space 87424K,  41% used [0x0f8a0000, 0x11bc2058, 0x11bc2200, 0x14e00000)
 Metaspace       used 19984K, capacity 20572K, committed 20608K, reserved 20864K
}
Event: 4935.074 GC heap before
{Heap before GC invocations=13 (full 2):
 def new generation   total 39424K, used 35782K [0x04e00000, 0x078c0000, 0x0f8a0000)
  eden space 35072K, 100% used [0x04e00000, 0x07040000, 0x07040000)
  from space 4352K,  16% used [0x07480000, 0x07531840, 0x078c0000)
  to   space 4352K,   0% used [0x07040000, 0x07040000, 0x07480000)
 tenured generation   total 87424K, used 35976K [0x0f8a0000, 0x14e00000, 0x24e00000)
   the space 87424K,  41% used [0x0f8a0000, 0x11bc2058, 0x11bc2200, 0x14e00000)
 Metaspace       used 19984K, capacity 20572K, committed 20608K, reserved 20864K
Event: 4935.077 GC heap after
Heap after GC invocations=14 (full 2):
 def new generation   total 39424K, used 719K [0x04e00000, 0x078c0000, 0x0f8a0000)
  eden space 35072K,   0% used [0x04e00000, 0x04e00000, 0x07040000)
  from space 4352K,  16% used [0x07040000, 0x070f3cb8, 0x07480000)
  to   space 4352K,   0% used [0x07480000, 0x07480000, 0x078c0000)
 tenured generation   total 87424K, used 35976K [0x0f8a0000, 0x14e00000, 0x24e00000)
   the space 87424K,  41% used [0x0f8a0000, 0x11bc2058, 0x11bc2200, 0x14e00000)
 Metaspace       used 19984K, capacity 20572K, committed 20608K, reserved 20864K
}

