# JRE version: Java(TM) SE Runtime Environment (8.0_92-b14) (build 1.8.0_92-b14)
# Java VM: Java HotSpot(TM) Client VM (25.92-b14 mixed mode windows-x86 )
Heap:
 def new generation   total 39424K, used 17964K [0x05200000, 0x07cc0000, 0x0fca0000)
  eden space 35072K,  51% used [0x05200000, 0x0638a820, 0x07440000)
  from space 4352K,   0% used [0x07880000, 0x07880a20, 0x07cc0000)
  to   space 4352K,   0% used [0x07440000, 0x07440000, 0x07880000)
 tenured generation   total 87424K, used 41463K [0x0fca0000, 0x15200000, 0x25200000)
   the space 87424K,  47% used [0x0fca0000, 0x1251df80, 0x1251e000, 0x15200000)
 Metaspace       used 20252K, capacity 20850K, committed 20864K, reserved 20864K
GC Heap History (10 events):
Event: 2404.112 GC heap before
{Heap before GC invocations=10 (full 2):
 def new generation   total 39424K, used 37662K [0x05200000, 0x07cc0000, 0x0fca0000)
  eden space 35072K, 100% used [0x05200000, 0x07440000, 0x07440000)
  from space 4352K,  59% used [0x07440000, 0x076c7bf8, 0x07880000)
  to   space 4352K,   0% used [0x07880000, 0x07880000, 0x07cc0000)
 tenured generation   total 87424K, used 36782K [0x0fca0000, 0x15200000, 0x25200000)
   the space 87424K,  42% used [0x0fca0000, 0x1208b900, 0x1208ba00, 0x15200000)
 Metaspace       used 20250K, capacity 20848K, committed 20864K, reserved 20864K
Event: 2404.124 GC heap after
Heap after GC invocations=11 (full 2):
 def new generation   total 39424K, used 446K [0x05200000, 0x07cc0000, 0x0fca0000)
  eden space 35072K,   0% used [0x05200000, 0x05200000, 0x07440000)
  from space 4352K,  10% used [0x07880000, 0x078efa70, 0x07cc0000)
  to   space 4352K,   0% used [0x07440000, 0x07440000, 0x07880000)
 tenured generation   total 87424K, used 39033K [0x0fca0000, 0x15200000, 0x25200000)
   the space 87424K,  44% used [0x0fca0000, 0x122be430, 0x122be600, 0x15200000)
 Metaspace       used 20250K, capacity 20848K, committed 20864K, reserved 20864K
}
Event: 3154.957 GC heap before
{Heap before GC invocations=11 (full 2):
 def new generation   total 39424K, used 35518K [0x05200000, 0x07cc0000, 0x0fca0000)
  eden space 35072K, 100% used [0x05200000, 0x07440000, 0x07440000)
  from space 4352K,  10% used [0x07880000, 0x078efa70, 0x07cc0000)
  to   space 4352K,   0% used [0x07440000, 0x07440000, 0x07880000)
 tenured generation   total 87424K, used 39033K [0x0fca0000, 0x15200000, 0x25200000)
   the space 87424K,  44% used [0x0fca0000, 0x122be430, 0x122be600, 0x15200000)
 Metaspace       used 20252K, capacity 20850K, committed 20864K, reserved 20864K
Event: 3154.961 GC heap after
Heap after GC invocations=12 (full 2):
 def new generation   total 39424K, used 144K [0x05200000, 0x07cc0000, 0x0fca0000)
  eden space 35072K,   0% used [0x05200000, 0x05200000, 0x07440000)
  from space 4352K,   3% used [0x07440000, 0x07464080, 0x07880000)
  to   space 4352K,   0% used [0x07880000, 0x07880000, 0x07cc0000)
 tenured generation   total 87424K, used 39033K [0x0fca0000, 0x15200000, 0x25200000)
   the space 87424K,  44% used [0x0fca0000, 0x122be430, 0x122be600, 0x15200000)
 Metaspace       used 20252K, capacity 20850K, committed 20864K, reserved 20864K
}
Event: 3667.991 GC heap before
{Heap before GC invocations=12 (full 2):
 def new generation   total 39424K, used 35216K [0x05200000, 0x07cc0000, 0x0fca0000)
  eden space 35072K, 100% used [0x05200000, 0x07440000, 0x07440000)
  from space 4352K,   3% used [0x07440000, 0x07464080, 0x07880000)
  to   space 4352K,   0% used [0x07880000, 0x07880000, 0x07cc0000)
 tenured generation   total 87424K, used 39033K [0x0fca0000, 0x15200000, 0x25200000)
   the space 87424K,  44% used [0x0fca0000, 0x122be430, 0x122be600, 0x15200000)
 Metaspace       used 20252K, capacity 20850K, committed 20864K, reserved 20864K
Event: 3668.004 GC heap after
Heap after GC invocations=13 (full 2):
 def new generation   total 39424K, used 2435K [0x05200000, 0x07cc0000, 0x0fca0000)
  eden space 35072K,   0% used [0x05200000, 0x05200000, 0x07440000)
  from space 4352K,  55% used [0x07880000, 0x07ae0e50, 0x07cc0000)
  to   space 4352K,   0% used [0x07440000, 0x07440000, 0x07880000)
 tenured generation   total 87424K, used 39033K [0x0fca0000, 0x15200000, 0x25200000)
   the space 87424K,  44% used [0x0fca0000, 0x122be430, 0x122be600, 0x15200000)
 Metaspace       used 20252K, capacity 20850K, committed 20864K, reserved 20864K
}
Event: 3675.812 GC heap before
{Heap before GC invocations=13 (full 2):
 def new generation   total 39424K, used 37507K [0x05200000, 0x07cc0000, 0x0fca0000)
  eden space 35072K, 100% used [0x05200000, 0x07440000, 0x07440000)
  from space 4352K,  55% used [0x07880000, 0x07ae0e50, 0x07cc0000)
  to   space 4352K,   0% used [0x07440000, 0x07440000, 0x07880000)
 tenured generation   total 87424K, used 39033K [0x0fca0000, 0x15200000, 0x25200000)
   the space 87424K,  44% used [0x0fca0000, 0x122be430, 0x122be600, 0x15200000)
 Metaspace       used 20252K, capacity 20850K, committed 20864K, reserved 20864K
Event: 3675.816 GC heap after
Heap after GC invocations=14 (full 2):
 def new generation   total 39424K, used 43K [0x05200000, 0x07cc0000, 0x0fca0000)
  eden space 35072K,   0% used [0x05200000, 0x05200000, 0x07440000)
  from space 4352K,   1% used [0x07440000, 0x0744af00, 0x07880000)
  to   space 4352K,   0% used [0x07880000, 0x07880000, 0x07cc0000)
 tenured generation   total 87424K, used 41463K [0x0fca0000, 0x15200000, 0x25200000)
   the space 87424K,  47% used [0x0fca0000, 0x1251df80, 0x1251e000, 0x15200000)
 Metaspace       used 20252K, capacity 20850K, committed 20864K, reserved 20864K
}
Event: 3683.617 GC heap before
{Heap before GC invocations=14 (full 2):
 def new generation   total 39424K, used 35115K [0x05200000, 0x07cc0000, 0x0fca0000)
  eden space 35072K, 100% used [0x05200000, 0x07440000, 0x07440000)
  from space 4352K,   1% used [0x07440000, 0x0744af00, 0x07880000)
  to   space 4352K,   0% used [0x07880000, 0x07880000, 0x07cc0000)
 tenured generation   total 87424K, used 41463K [0x0fca0000, 0x15200000, 0x25200000)
   the space 87424K,  47% used [0x0fca0000, 0x1251df80, 0x1251e000, 0x15200000)
 Metaspace       used 20252K, capacity 20850K, committed 20864K, reserved 20864K
Event: 3683.619 GC heap after
Heap after GC invocations=15 (full 2):
 def new generation   total 39424K, used 2K [0x05200000, 0x07cc0000, 0x0fca0000)
  eden space 35072K,   0% used [0x05200000, 0x05200000, 0x07440000)
  from space 4352K,   0% used [0x07880000, 0x07880a20, 0x07cc0000)
  to   space 4352K,   0% used [0x07440000, 0x07440000, 0x07880000)
 tenured generation   total 87424K, used 41463K [0x0fca0000, 0x15200000, 0x25200000)
   the space 87424K,  47% used [0x0fca0000, 0x1251df80, 0x1251e000, 0x15200000)
 Metaspace       used 20252K, capacity 20850K, committed 20864K, reserved 20864K
}

