# JRE version: Java(TM) SE Runtime Environment (8.0_92-b14) (build 1.8.0_92-b14)
# Java VM: Java HotSpot(TM) Client VM (25.92-b14 mixed mode windows-x86 )
Heap:
 def new generation   total 39424K, used 6619K [0x04c00000, 0x076c0000, 0x0f6a0000)
  eden space 35072K,  17% used [0x04c00000, 0x051d4590, 0x06e40000)
  from space 4352K,  14% used [0x07280000, 0x07322740, 0x076c0000)
  to   space 4352K,   0% used [0x06e40000, 0x06e40000, 0x07280000)
 tenured generation   total 87424K, used 38924K [0x0f6a0000, 0x14c00000, 0x24c00000)
   the space 87424K,  44% used [0x0f6a0000, 0x11ca31f8, 0x11ca3200, 0x14c00000)
 Metaspace       used 20156K, capacity 20691K, committed 20992K, reserved 21888K
GC Heap History (10 events):
Event: 2524.262 GC heap before
{Heap before GC invocations=60 (full 2):
 def new generation   total 39424K, used 35523K [0x04c00000, 0x076c0000, 0x0f6a0000)
  eden space 35072K,  99% used [0x04c00000, 0x06e39b88, 0x06e40000)
  from space 4352K,  10% used [0x06e40000, 0x06eb73c8, 0x07280000)
  to   space 4352K,   0% used [0x07280000, 0x07280000, 0x076c0000)
 tenured generation   total 87424K, used 38924K [0x0f6a0000, 0x14c00000, 0x24c00000)
   the space 87424K,  44% used [0x0f6a0000, 0x11ca30e8, 0x11ca3200, 0x14c00000)
 Metaspace       used 20156K, capacity 20691K, committed 20992K, reserved 21888K
Event: 2524.263 GC heap after
Heap after GC invocations=61 (full 2):
 def new generation   total 39424K, used 483K [0x04c00000, 0x076c0000, 0x0f6a0000)
  eden space 35072K,   0% used [0x04c00000, 0x04c00000, 0x06e40000)
  from space 4352K,  11% used [0x07280000, 0x072f8ed0, 0x076c0000)
  to   space 4352K,   0% used [0x06e40000, 0x06e40000, 0x07280000)
 tenured generation   total 87424K, used 38924K [0x0f6a0000, 0x14c00000, 0x24c00000)
   the space 87424K,  44% used [0x0f6a0000, 0x11ca30e8, 0x11ca3200, 0x14c00000)
 Metaspace       used 20156K, capacity 20691K, committed 20992K, reserved 21888K
}
Event: 2524.941 GC heap before
{Heap before GC invocations=61 (full 2):
 def new generation   total 39424K, used 35343K [0x04c00000, 0x076c0000, 0x0f6a0000)
  eden space 35072K,  99% used [0x04c00000, 0x06e0ad58, 0x06e40000)
  from space 4352K,  11% used [0x07280000, 0x072f8ed0, 0x076c0000)
  to   space 4352K,   0% used [0x06e40000, 0x06e40000, 0x07280000)
 tenured generation   total 87424K, used 38924K [0x0f6a0000, 0x14c00000, 0x24c00000)
   the space 87424K,  44% used [0x0f6a0000, 0x11ca30e8, 0x11ca3200, 0x14c00000)
 Metaspace       used 20156K, capacity 20691K, committed 20992K, reserved 21888K
Event: 2524.943 GC heap after
Heap after GC invocations=62 (full 2):
 def new generation   total 39424K, used 632K [0x04c00000, 0x076c0000, 0x0f6a0000)
  eden space 35072K,   0% used [0x04c00000, 0x04c00000, 0x06e40000)
  from space 4352K,  14% used [0x06e40000, 0x06ede188, 0x07280000)
  to   space 4352K,   0% used [0x07280000, 0x07280000, 0x076c0000)
 tenured generation   total 87424K, used 38924K [0x0f6a0000, 0x14c00000, 0x24c00000)
   the space 87424K,  44% used [0x0f6a0000, 0x11ca30e8, 0x11ca3200, 0x14c00000)
 Metaspace       used 20156K, capacity 20691K, committed 20992K, reserved 21888K
}
Event: 2525.636 GC heap before
{Heap before GC invocations=62 (full 2):
 def new generation   total 39424K, used 35633K [0x04c00000, 0x076c0000, 0x0f6a0000)
  eden space 35072K,  99% used [0x04c00000, 0x06e2e598, 0x06e40000)
  from space 4352K,  14% used [0x06e40000, 0x06ede188, 0x07280000)
  to   space 4352K,   0% used [0x07280000, 0x07280000, 0x076c0000)
 tenured generation   total 87424K, used 38924K [0x0f6a0000, 0x14c00000, 0x24c00000)
   the space 87424K,  44% used [0x0f6a0000, 0x11ca30e8, 0x11ca3200, 0x14c00000)
 Metaspace       used 20156K, capacity 20691K, committed 20992K, reserved 21888K
Event: 2525.637 GC heap after
Heap after GC invocations=63 (full 2):
 def new generation   total 39424K, used 636K [0x04c00000, 0x076c0000, 0x0f6a0000)
  eden space 35072K,   0% used [0x04c00000, 0x04c00000, 0x06e40000)
  from space 4352K,  14% used [0x07280000, 0x0731f2b8, 0x076c0000)
  to   space 4352K,   0% used [0x06e40000, 0x06e40000, 0x07280000)
 tenured generation   total 87424K, used 38924K [0x0f6a0000, 0x14c00000, 0x24c00000)
   the space 87424K,  44% used [0x0f6a0000, 0x11ca3170, 0x11ca3200, 0x14c00000)
 Metaspace       used 20156K, capacity 20691K, committed 20992K, reserved 21888K
}
Event: 2526.319 GC heap before
{Heap before GC invocations=63 (full 2):
 def new generation   total 39424K, used 35659K [0x04c00000, 0x076c0000, 0x0f6a0000)
  eden space 35072K,  99% used [0x04c00000, 0x06e33a30, 0x06e40000)
  from space 4352K,  14% used [0x07280000, 0x0731f2b8, 0x076c0000)
  to   space 4352K,   0% used [0x06e40000, 0x06e40000, 0x07280000)
 tenured generation   total 87424K, used 38924K [0x0f6a0000, 0x14c00000, 0x24c00000)
   the space 87424K,  44% used [0x0f6a0000, 0x11ca3170, 0x11ca3200, 0x14c00000)
 Metaspace       used 20156K, capacity 20691K, committed 20992K, reserved 21888K
Event: 2526.320 GC heap after
Heap after GC invocations=64 (full 2):
 def new generation   total 39424K, used 643K [0x04c00000, 0x076c0000, 0x0f6a0000)
  eden space 35072K,   0% used [0x04c00000, 0x04c00000, 0x06e40000)
  from space 4352K,  14% used [0x06e40000, 0x06ee0c00, 0x07280000)
  to   space 4352K,   0% used [0x07280000, 0x07280000, 0x076c0000)
 tenured generation   total 87424K, used 38924K [0x0f6a0000, 0x14c00000, 0x24c00000)
   the space 87424K,  44% used [0x0f6a0000, 0x11ca31f8, 0x11ca3200, 0x14c00000)
 Metaspace       used 20156K, capacity 20691K, committed 20992K, reserved 21888K
}
Event: 2526.999 GC heap before
{Heap before GC invocations=64 (full 2):
 def new generation   total 39424K, used 35715K [0x04c00000, 0x076c0000, 0x0f6a0000)
  eden space 35072K, 100% used [0x04c00000, 0x06e40000, 0x06e40000)
  from space 4352K,  14% used [0x06e40000, 0x06ee0c00, 0x07280000)
  to   space 4352K,   0% used [0x07280000, 0x07280000, 0x076c0000)
 tenured generation   total 87424K, used 38924K [0x0f6a0000, 0x14c00000, 0x24c00000)
   the space 87424K,  44% used [0x0f6a0000, 0x11ca31f8, 0x11ca3200, 0x14c00000)
 Metaspace       used 20156K, capacity 20691K, committed 20992K, reserved 21888K
Event: 2527.000 GC heap after
Heap after GC invocations=65 (full 2):
 def new generation   total 39424K, used 649K [0x04c00000, 0x076c0000, 0x0f6a0000)
  eden space 35072K,   0% used [0x04c00000, 0x04c00000, 0x06e40000)
  from space 4352K,  14% used [0x07280000, 0x07322740, 0x076c0000)
  to   space 4352K,   0% used [0x06e40000, 0x06e40000, 0x07280000)
 tenured generation   total 87424K, used 38924K [0x0f6a0000, 0x14c00000, 0x24c00000)
   the space 87424K,  44% used [0x0f6a0000, 0x11ca31f8, 0x11ca3200, 0x14c00000)
 Metaspace       used 20156K, capacity 20691K, committed 20992K, reserved 21888K
}

