# JRE version: Java(TM) SE Runtime Environment (8.0_92-b14) (build 1.8.0_92-b14)
# Java VM: Java HotSpot(TM) Client VM (25.92-b14 mixed mode windows-x86 )
Heap:
 def new generation   total 43072K, used 33670K [0x04e00000, 0x07cb0000, 0x0f8a0000)
  eden space 38336K,  87% used [0x04e00000, 0x06edff90, 0x07370000)
  from space 4736K,   0% used [0x07370000, 0x073719b0, 0x07810000)
  to   space 4736K,   0% used [0x07810000, 0x07810000, 0x07cb0000)
 tenured generation   total 95428K, used 94071K [0x0f8a0000, 0x155d1000, 0x24e00000)
   the space 95428K,  98% used [0x0f8a0000, 0x1547dfe0, 0x1547e000, 0x155d1000)
 Metaspace       used 20011K, capacity 20566K, committed 20864K, reserved 20864K
GC Heap History (10 events):
Event: 85133.462 GC heap before
{Heap before GC invocations=13057 (full 255):
 def new generation   total 43072K, used 38339K [0x04e00000, 0x07cb0000, 0x0f8a0000)
  eden space 38336K, 100% used [0x04e00000, 0x07370000, 0x07370000)
  from space 4736K,   0% used [0x07810000, 0x07810e38, 0x07cb0000)
  to   space 4736K,   0% used [0x07370000, 0x07370000, 0x07810000)
 tenured generation   total 95428K, used 94071K [0x0f8a0000, 0x155d1000, 0x24e00000)
   the space 95428K,  98% used [0x0f8a0000, 0x1547dfe0, 0x1547e000, 0x155d1000)
 Metaspace       used 20011K, capacity 20566K, committed 20864K, reserved 20864K
Event: 85133.463 GC heap after
Heap after GC invocations=13058 (full 255):
 def new generation   total 43072K, used 46K [0x04e00000, 0x07cb0000, 0x0f8a0000)
  eden space 38336K,   0% used [0x04e00000, 0x04e00000, 0x07370000)
  from space 4736K,   0% used [0x07370000, 0x0737b970, 0x07810000)
  to   space 4736K,   0% used [0x07810000, 0x07810000, 0x07cb0000)
 tenured generation   total 95428K, used 94071K [0x0f8a0000, 0x155d1000, 0x24e00000)
   the space 95428K,  98% used [0x0f8a0000, 0x1547dfe0, 0x1547e000, 0x155d1000)
 Metaspace       used 20011K, capacity 20566K, committed 20864K, reserved 20864K
}
Event: 85140.986 GC heap before
{Heap before GC invocations=13058 (full 255):
 def new generation   total 43072K, used 38382K [0x04e00000, 0x07cb0000, 0x0f8a0000)
  eden space 38336K, 100% used [0x04e00000, 0x07370000, 0x07370000)
  from space 4736K,   0% used [0x07370000, 0x0737b970, 0x07810000)
  to   space 4736K,   0% used [0x07810000, 0x07810000, 0x07cb0000)
 tenured generation   total 95428K, used 94071K [0x0f8a0000, 0x155d1000, 0x24e00000)
   the space 95428K,  98% used [0x0f8a0000, 0x1547dfe0, 0x1547e000, 0x155d1000)
 Metaspace       used 20011K, capacity 20566K, committed 20864K, reserved 20864K
Event: 85140.987 GC heap after
Heap after GC invocations=13059 (full 255):
 def new generation   total 43072K, used 45K [0x04e00000, 0x07cb0000, 0x0f8a0000)
  eden space 38336K,   0% used [0x04e00000, 0x04e00000, 0x07370000)
  from space 4736K,   0% used [0x07810000, 0x0781b7b8, 0x07cb0000)
  to   space 4736K,   0% used [0x07370000, 0x07370000, 0x07810000)
 tenured generation   total 95428K, used 94071K [0x0f8a0000, 0x155d1000, 0x24e00000)
   the space 95428K,  98% used [0x0f8a0000, 0x1547dfe0, 0x1547e000, 0x155d1000)
 Metaspace       used 20011K, capacity 20566K, committed 20864K, reserved 20864K
}
Event: 85148.910 GC heap before
{Heap before GC invocations=13059 (full 255):
 def new generation   total 43072K, used 38381K [0x04e00000, 0x07cb0000, 0x0f8a0000)
  eden space 38336K, 100% used [0x04e00000, 0x07370000, 0x07370000)
  from space 4736K,   0% used [0x07810000, 0x0781b7b8, 0x07cb0000)
  to   space 4736K,   0% used [0x07370000, 0x07370000, 0x07810000)
 tenured generation   total 95428K, used 94071K [0x0f8a0000, 0x155d1000, 0x24e00000)
   the space 95428K,  98% used [0x0f8a0000, 0x1547dfe0, 0x1547e000, 0x155d1000)
 Metaspace       used 20011K, capacity 20566K, committed 20864K, reserved 20864K
Event: 85148.911 GC heap after
Heap after GC invocations=13060 (full 255):
 def new generation   total 43072K, used 5K [0x04e00000, 0x07cb0000, 0x0f8a0000)
  eden space 38336K,   0% used [0x04e00000, 0x04e00000, 0x07370000)
  from space 4736K,   0% used [0x07370000, 0x073714b0, 0x07810000)
  to   space 4736K,   0% used [0x07810000, 0x07810000, 0x07cb0000)
 tenured generation   total 95428K, used 94071K [0x0f8a0000, 0x155d1000, 0x24e00000)
   the space 95428K,  98% used [0x0f8a0000, 0x1547dfe0, 0x1547e000, 0x155d1000)
 Metaspace       used 20011K, capacity 20566K, committed 20864K, reserved 20864K
}
Event: 85159.697 GC heap before
{Heap before GC invocations=13060 (full 255):
 def new generation   total 43072K, used 38341K [0x04e00000, 0x07cb0000, 0x0f8a0000)
  eden space 38336K, 100% used [0x04e00000, 0x07370000, 0x07370000)
  from space 4736K,   0% used [0x07370000, 0x073714b0, 0x07810000)
  to   space 4736K,   0% used [0x07810000, 0x07810000, 0x07cb0000)
 tenured generation   total 95428K, used 94071K [0x0f8a0000, 0x155d1000, 0x24e00000)
   the space 95428K,  98% used [0x0f8a0000, 0x1547dfe0, 0x1547e000, 0x155d1000)
 Metaspace       used 20011K, capacity 20566K, committed 20864K, reserved 20864K
Event: 85159.699 GC heap after
Heap after GC invocations=13061 (full 255):
 def new generation   total 43072K, used 4K [0x04e00000, 0x07cb0000, 0x0f8a0000)
  eden space 38336K,   0% used [0x04e00000, 0x04e00000, 0x07370000)
  from space 4736K,   0% used [0x07810000, 0x07811090, 0x07cb0000)
  to   space 4736K,   0% used [0x07370000, 0x07370000, 0x07810000)
 tenured generation   total 95428K, used 94071K [0x0f8a0000, 0x155d1000, 0x24e00000)
   the space 95428K,  98% used [0x0f8a0000, 0x1547dfe0, 0x1547e000, 0x155d1000)
 Metaspace       used 20011K, capacity 20566K, committed 20864K, reserved 20864K
}
Event: 85171.705 GC heap before
{Heap before GC invocations=13061 (full 255):
 def new generation   total 43072K, used 38340K [0x04e00000, 0x07cb0000, 0x0f8a0000)
  eden space 38336K, 100% used [0x04e00000, 0x07370000, 0x07370000)
  from space 4736K,   0% used [0x07810000, 0x07811090, 0x07cb0000)
  to   space 4736K,   0% used [0x07370000, 0x07370000, 0x07810000)
 tenured generation   total 95428K, used 94071K [0x0f8a0000, 0x155d1000, 0x24e00000)
   the space 95428K,  98% used [0x0f8a0000, 0x1547dfe0, 0x1547e000, 0x155d1000)
 Metaspace       used 20011K, capacity 20566K, committed 20864K, reserved 20864K
Event: 85171.707 GC heap after
Heap after GC invocations=13062 (full 255):
 def new generation   total 43072K, used 6K [0x04e00000, 0x07cb0000, 0x0f8a0000)
  eden space 38336K,   0% used [0x04e00000, 0x04e00000, 0x07370000)
  from space 4736K,   0% used [0x07370000, 0x073719b0, 0x07810000)
  to   space 4736K,   0% used [0x07810000, 0x07810000, 0x07cb0000)
 tenured generation   total 95428K, used 94071K [0x0f8a0000, 0x155d1000, 0x24e00000)
   the space 95428K,  98% used [0x0f8a0000, 0x1547dfe0, 0x1547e000, 0x155d1000)
 Metaspace       used 20011K, capacity 20566K, committed 20864K, reserved 20864K
}

