# JRE version: Java(TM) SE Runtime Environment (8.0_92-b14) (build 1.8.0_92-b14)
# Java VM: Java HotSpot(TM) Client VM (25.92-b14 mixed mode windows-x86 )
Heap:
 def new generation   total 59008K, used 47049K [0x04a00000, 0x08a00000, 0x0f4a0000)
  eden space 52480K,  77% used [0x04a00000, 0x07192708, 0x07d40000)
  from space 6528K, 100% used [0x07d40000, 0x083a0000, 0x083a0000)
  to   space 6528K,   0% used [0x083a0000, 0x083a0000, 0x08a00000)
 tenured generation   total 130896K, used 90037K [0x0f4a0000, 0x17474000, 0x24a00000)
   the space 130896K,  68% used [0x0f4a0000, 0x14c8d4c8, 0x14c8d600, 0x17474000)
 Metaspace       used 20230K, capacity 20785K, committed 21120K, reserved 21888K
GC Heap History (10 events):
Event: 38681.657 GC heap before
{Heap before GC invocations=176 (full 3):
 def new generation   total 59008K, used 53259K [0x04a00000, 0x08a00000, 0x0f4a0000)
  eden space 52480K, 100% used [0x04a00000, 0x07d40000, 0x07d40000)
  from space 6528K,  11% used [0x083a0000, 0x08462df8, 0x08a00000)
  to   space 6528K,   0% used [0x07d40000, 0x07d40000, 0x083a0000)
 tenured generation   total 130896K, used 87133K [0x0f4a0000, 0x17474000, 0x24a00000)
   the space 130896K,  66% used [0x0f4a0000, 0x149b74f0, 0x149b7600, 0x17474000)
 Metaspace       used 20221K, capacity 20783K, committed 21120K, reserved 21888K
Event: 38681.661 GC heap after
Heap after GC invocations=177 (full 3):
 def new generation   total 59008K, used 2980K [0x04a00000, 0x08a00000, 0x0f4a0000)
  eden space 52480K,   0% used [0x04a00000, 0x04a00000, 0x07d40000)
  from space 6528K,  45% used [0x07d40000, 0x08029218, 0x083a0000)
  to   space 6528K,   0% used [0x083a0000, 0x083a0000, 0x08a00000)
 tenured generation   total 130896K, used 87135K [0x0f4a0000, 0x17474000, 0x24a00000)
   the space 130896K,  66% used [0x0f4a0000, 0x149b7c00, 0x149b7c00, 0x17474000)
 Metaspace       used 20221K, capacity 20783K, committed 21120K, reserved 21888K
}
Event: 38801.668 GC heap before
{Heap before GC invocations=177 (full 3):
 def new generation   total 59008K, used 55460K [0x04a00000, 0x08a00000, 0x0f4a0000)
  eden space 52480K, 100% used [0x04a00000, 0x07d40000, 0x07d40000)
  from space 6528K,  45% used [0x07d40000, 0x08029218, 0x083a0000)
  to   space 6528K,   0% used [0x083a0000, 0x083a0000, 0x08a00000)
 tenured generation   total 130896K, used 87135K [0x0f4a0000, 0x17474000, 0x24a00000)
   the space 130896K,  66% used [0x0f4a0000, 0x149b7c00, 0x149b7c00, 0x17474000)
 Metaspace       used 20228K, capacity 20783K, committed 21120K, reserved 21888K
Event: 38801.673 GC heap after
Heap after GC invocations=178 (full 3):
 def new generation   total 59008K, used 4991K [0x04a00000, 0x08a00000, 0x0f4a0000)
  eden space 52480K,   0% used [0x04a00000, 0x04a00000, 0x07d40000)
  from space 6528K,  76% used [0x083a0000, 0x0887fec8, 0x08a00000)
  to   space 6528K,   0% used [0x07d40000, 0x07d40000, 0x083a0000)
 tenured generation   total 130896K, used 87136K [0x0f4a0000, 0x17474000, 0x24a00000)
   the space 130896K,  66% used [0x0f4a0000, 0x149b83f8, 0x149b8400, 0x17474000)
 Metaspace       used 20228K, capacity 20783K, committed 21120K, reserved 21888K
}
Event: 38936.686 GC heap before
{Heap before GC invocations=178 (full 3):
 def new generation   total 59008K, used 57471K [0x04a00000, 0x08a00000, 0x0f4a0000)
  eden space 52480K, 100% used [0x04a00000, 0x07d40000, 0x07d40000)
  from space 6528K,  76% used [0x083a0000, 0x0887fec8, 0x08a00000)
  to   space 6528K,   0% used [0x07d40000, 0x07d40000, 0x083a0000)
 tenured generation   total 130896K, used 87136K [0x0f4a0000, 0x17474000, 0x24a00000)
   the space 130896K,  66% used [0x0f4a0000, 0x149b83f8, 0x149b8400, 0x17474000)
 Metaspace       used 20228K, capacity 20783K, committed 21120K, reserved 21888K
Event: 38936.691 GC heap after
Heap after GC invocations=179 (full 3):
 def new generation   total 59008K, used 2136K [0x04a00000, 0x08a00000, 0x0f4a0000)
  eden space 52480K,   0% used [0x04a00000, 0x04a00000, 0x07d40000)
  from space 6528K,  32% used [0x07d40000, 0x07f56260, 0x083a0000)
  to   space 6528K,   0% used [0x083a0000, 0x083a0000, 0x08a00000)
 tenured generation   total 130896K, used 89938K [0x0f4a0000, 0x17474000, 0x24a00000)
   the space 130896K,  68% used [0x0f4a0000, 0x14c749e0, 0x14c74a00, 0x17474000)
 Metaspace       used 20228K, capacity 20783K, committed 21120K, reserved 21888K
}
Event: 39069.824 GC heap before
{Heap before GC invocations=179 (full 3):
 def new generation   total 59008K, used 54616K [0x04a00000, 0x08a00000, 0x0f4a0000)
  eden space 52480K, 100% used [0x04a00000, 0x07d40000, 0x07d40000)
  from space 6528K,  32% used [0x07d40000, 0x07f56260, 0x083a0000)
  to   space 6528K,   0% used [0x083a0000, 0x083a0000, 0x08a00000)
 tenured generation   total 130896K, used 89938K [0x0f4a0000, 0x17474000, 0x24a00000)
   the space 130896K,  68% used [0x0f4a0000, 0x14c749e0, 0x14c74a00, 0x17474000)
 Metaspace       used 20228K, capacity 20783K, committed 21120K, reserved 21888K
Event: 39069.834 GC heap after
Heap after GC invocations=180 (full 3):
 def new generation   total 59008K, used 2134K [0x04a00000, 0x08a00000, 0x0f4a0000)
  eden space 52480K,   0% used [0x04a00000, 0x04a00000, 0x07d40000)
  from space 6528K,  32% used [0x083a0000, 0x085b5800, 0x08a00000)
  to   space 6528K,   0% used [0x07d40000, 0x07d40000, 0x083a0000)
 tenured generation   total 130896K, used 89938K [0x0f4a0000, 0x17474000, 0x24a00000)
   the space 130896K,  68% used [0x0f4a0000, 0x14c749e0, 0x14c74a00, 0x17474000)
 Metaspace       used 20228K, capacity 20783K, committed 21120K, reserved 21888K
}
Event: 39163.406 GC heap before
{Heap before GC invocations=180 (full 3):
 def new generation   total 59008K, used 54614K [0x04a00000, 0x08a00000, 0x0f4a0000)
  eden space 52480K, 100% used [0x04a00000, 0x07d40000, 0x07d40000)
  from space 6528K,  32% used [0x083a0000, 0x085b5800, 0x08a00000)
  to   space 6528K,   0% used [0x07d40000, 0x07d40000, 0x083a0000)
 tenured generation   total 130896K, used 89938K [0x0f4a0000, 0x17474000, 0x24a00000)
   the space 130896K,  68% used [0x0f4a0000, 0x14c749e0, 0x14c74a00, 0x17474000)
 Metaspace       used 20230K, capacity 20785K, committed 21120K, reserved 21888K
Event: 39163.420 GC heap after
Heap after GC invocations=181 (full 3):
 def new generation   total 59008K, used 6528K [0x04a00000, 0x08a00000, 0x0f4a0000)
  eden space 52480K,   0% used [0x04a00000, 0x04a00000, 0x07d40000)
  from space 6528K, 100% used [0x07d40000, 0x083a0000, 0x083a0000)
  to   space 6528K,   0% used [0x083a0000, 0x083a0000, 0x08a00000)
 tenured generation   total 130896K, used 90037K [0x0f4a0000, 0x17474000, 0x24a00000)
   the space 130896K,  68% used [0x0f4a0000, 0x14c8d4c8, 0x14c8d600, 0x17474000)
 Metaspace       used 20230K, capacity 20785K, committed 21120K, reserved 21888K
}

