# JRE version: Java(TM) SE Runtime Environment (8.0_92-b14) (build 1.8.0_92-b14)
# Java VM: Java HotSpot(TM) Client VM (25.92-b14 mixed mode windows-x86 )
Heap:
 def new generation   total 39424K, used 7063K [0x04800000, 0x072c0000, 0x0f2a0000)
  eden space 35072K,  18% used [0x04800000, 0x04e59210, 0x06a40000)
  from space 4352K,  12% used [0x06e80000, 0x06f0cd50, 0x072c0000)
  to   space 4352K,   0% used [0x06a40000, 0x06a40000, 0x06e80000)
 tenured generation   total 87424K, used 36153K [0x0f2a0000, 0x14800000, 0x24800000)
   the space 87424K,  41% used [0x0f2a0000, 0x115ee580, 0x115ee600, 0x14800000)
 Metaspace       used 19737K, capacity 20330K, committed 20480K, reserved 20864K
GC Heap History (10 events):
Event: 12.566 GC heap before
{Heap before GC invocations=5 (full 1):
 def new generation   total 39424K, used 39424K [0x04800000, 0x072c0000, 0x0f2a0000)
  eden space 35072K, 100% used [0x04800000, 0x06a40000, 0x06a40000)
  from space 4352K, 100% used [0x06a40000, 0x06e80000, 0x06e80000)
  to   space 4352K,   0% used [0x06e80000, 0x06e80000, 0x072c0000)
 tenured generation   total 87424K, used 17740K [0x0f2a0000, 0x14800000, 0x24800000)
   the space 87424K,  20% used [0x0f2a0000, 0x103f3300, 0x103f3400, 0x14800000)
 Metaspace       used 17587K, capacity 18123K, committed 18176K, reserved 18816K
Event: 12.602 GC heap after
Heap after GC invocations=6 (full 1):
 def new generation   total 39424K, used 4352K [0x04800000, 0x072c0000, 0x0f2a0000)
  eden space 35072K,   0% used [0x04800000, 0x04800000, 0x06a40000)
  from space 4352K, 100% used [0x06e80000, 0x072c0000, 0x072c0000)
  to   space 4352K,   0% used [0x06a40000, 0x06a40000, 0x06e80000)
 tenured generation   total 87424K, used 27675K [0x0f2a0000, 0x14800000, 0x24800000)
   the space 87424K,  31% used [0x0f2a0000, 0x10da6e28, 0x10da7000, 0x14800000)
 Metaspace       used 17587K, capacity 18123K, committed 18176K, reserved 18816K
}
Event: 76.304 GC heap before
{Heap before GC invocations=6 (full 1):
 def new generation   total 39424K, used 39424K [0x04800000, 0x072c0000, 0x0f2a0000)
  eden space 35072K, 100% used [0x04800000, 0x06a40000, 0x06a40000)
  from space 4352K, 100% used [0x06e80000, 0x072c0000, 0x072c0000)
  to   space 4352K,   0% used [0x06a40000, 0x06a40000, 0x06e80000)
 tenured generation   total 87424K, used 27675K [0x0f2a0000, 0x14800000, 0x24800000)
   the space 87424K,  31% used [0x0f2a0000, 0x10da6e28, 0x10da7000, 0x14800000)
 Metaspace       used 19464K, capacity 20037K, committed 20096K, reserved 20864K
Event: 76.324 GC heap after
Heap after GC invocations=7 (full 1):
 def new generation   total 39424K, used 4352K [0x04800000, 0x072c0000, 0x0f2a0000)
  eden space 35072K,   0% used [0x04800000, 0x04800000, 0x06a40000)
  from space 4352K, 100% used [0x06a40000, 0x06e80000, 0x06e80000)
  to   space 4352K,   0% used [0x06e80000, 0x06e80000, 0x072c0000)
 tenured generation   total 87424K, used 32775K [0x0f2a0000, 0x14800000, 0x24800000)
   the space 87424K,  37% used [0x0f2a0000, 0x112a1c40, 0x112a1e00, 0x14800000)
 Metaspace       used 19464K, capacity 20037K, committed 20096K, reserved 20864K
}
Event: 1411.323 GC heap before
{Heap before GC invocations=7 (full 1):
 def new generation   total 39424K, used 39424K [0x04800000, 0x072c0000, 0x0f2a0000)
  eden space 35072K, 100% used [0x04800000, 0x06a40000, 0x06a40000)
  from space 4352K, 100% used [0x06a40000, 0x06e80000, 0x06e80000)
  to   space 4352K,   0% used [0x06e80000, 0x06e80000, 0x072c0000)
 tenured generation   total 87424K, used 32775K [0x0f2a0000, 0x14800000, 0x24800000)
   the space 87424K,  37% used [0x0f2a0000, 0x112a1c40, 0x112a1e00, 0x14800000)
 Metaspace       used 19531K, capacity 20133K, committed 20224K, reserved 20864K
Event: 1411.336 GC heap after
Heap after GC invocations=8 (full 1):
 def new generation   total 39424K, used 537K [0x04800000, 0x072c0000, 0x0f2a0000)
  eden space 35072K,   0% used [0x04800000, 0x04800000, 0x06a40000)
  from space 4352K,  12% used [0x06e80000, 0x06f06460, 0x072c0000)
  to   space 4352K,   0% used [0x06a40000, 0x06a40000, 0x06e80000)
 tenured generation   total 87424K, used 36153K [0x0f2a0000, 0x14800000, 0x24800000)
   the space 87424K,  41% used [0x0f2a0000, 0x115ee580, 0x115ee600, 0x14800000)
 Metaspace       used 19531K, capacity 20133K, committed 20224K, reserved 20864K
}
Event: 3298.174 GC heap before
{Heap before GC invocations=8 (full 1):
 def new generation   total 39424K, used 35609K [0x04800000, 0x072c0000, 0x0f2a0000)
  eden space 35072K, 100% used [0x04800000, 0x06a40000, 0x06a40000)
  from space 4352K,  12% used [0x06e80000, 0x06f06460, 0x072c0000)
  to   space 4352K,   0% used [0x06a40000, 0x06a40000, 0x06e80000)
 tenured generation   total 87424K, used 36153K [0x0f2a0000, 0x14800000, 0x24800000)
   the space 87424K,  41% used [0x0f2a0000, 0x115ee580, 0x115ee600, 0x14800000)
 Metaspace       used 19534K, capacity 20136K, committed 20224K, reserved 20864K
Event: 3298.238 GC heap after
Heap after GC invocations=9 (full 1):
 def new generation   total 39424K, used 512K [0x04800000, 0x072c0000, 0x0f2a0000)
  eden space 35072K,   0% used [0x04800000, 0x04800000, 0x06a40000)
  from space 4352K,  11% used [0x06a40000, 0x06ac0060, 0x06e80000)
  to   space 4352K,   0% used [0x06e80000, 0x06e80000, 0x072c0000)
 tenured generation   total 87424K, used 36153K [0x0f2a0000, 0x14800000, 0x24800000)
   the space 87424K,  41% used [0x0f2a0000, 0x115ee580, 0x115ee600, 0x14800000)
 Metaspace       used 19534K, capacity 20136K, committed 20224K, reserved 20864K
}
Event: 4951.711 GC heap before
{Heap before GC invocations=9 (full 1):
 def new generation   total 39424K, used 35584K [0x04800000, 0x072c0000, 0x0f2a0000)
  eden space 35072K, 100% used [0x04800000, 0x06a40000, 0x06a40000)
  from space 4352K,  11% used [0x06a40000, 0x06ac0060, 0x06e80000)
  to   space 4352K,   0% used [0x06e80000, 0x06e80000, 0x072c0000)
 tenured generation   total 87424K, used 36153K [0x0f2a0000, 0x14800000, 0x24800000)
   the space 87424K,  41% used [0x0f2a0000, 0x115ee580, 0x115ee600, 0x14800000)
 Metaspace       used 19534K, capacity 20136K, committed 20224K, reserved 20864K
Event: 4951.754 GC heap after
Heap after GC invocations=10 (full 1):
 def new generation   total 39424K, used 563K [0x04800000, 0x072c0000, 0x0f2a0000)
  eden space 35072K,   0% used [0x04800000, 0x04800000, 0x06a40000)
  from space 4352K,  12% used [0x06e80000, 0x06f0cd50, 0x072c0000)
  to   space 4352K,   0% used [0x06a40000, 0x06a40000, 0x06e80000)
 tenured generation   total 87424K, used 36153K [0x0f2a0000, 0x14800000, 0x24800000)
   the space 87424K,  41% used [0x0f2a0000, 0x115ee580, 0x115ee600, 0x14800000)
 Metaspace       used 19534K, capacity 20136K, committed 20224K, reserved 20864K
}

