# JRE version: Java(TM) SE Runtime Environment (8.0_92-b14) (build 1.8.0_92-b14)
# Java VM: Java HotSpot(TM) Client VM (25.92-b14 mixed mode windows-x86 )
Heap:
 def new generation   total 39424K, used 28993K [0x05200000, 0x07cc0000, 0x0fca0000)
  eden space 35072K,  70% used [0x05200000, 0x06a10410, 0x07440000)
  from space 4352K, 100% used [0x07440000, 0x07880000, 0x07880000)
  to   space 4352K,   0% used [0x07880000, 0x07880000, 0x07cc0000)
 tenured generation   total 87424K, used 43268K [0x0fca0000, 0x15200000, 0x25200000)
   the space 87424K,  49% used [0x0fca0000, 0x126e1058, 0x126e1200, 0x15200000)
 Metaspace       used 19843K, capacity 20369K, committed 20608K, reserved 20864K
GC Heap History (10 events):
Event: 2771.828 GC heap before
{Heap before GC invocations=105 (full 2):
 def new generation   total 39424K, used 37238K [0x05200000, 0x07cc0000, 0x0fca0000)
  eden space 35072K, 100% used [0x05200000, 0x07440000, 0x07440000)
  from space 4352K,  49% used [0x07880000, 0x07a9db10, 0x07cc0000)
  to   space 4352K,   0% used [0x07440000, 0x07440000, 0x07880000)
 tenured generation   total 87424K, used 36968K [0x0fca0000, 0x15200000, 0x25200000)
   the space 87424K,  42% used [0x0fca0000, 0x120ba298, 0x120ba400, 0x15200000)
 Metaspace       used 19829K, capacity 20324K, committed 20608K, reserved 20864K
Event: 2771.830 GC heap after
Heap after GC invocations=106 (full 2):
 def new generation   total 39424K, used 2125K [0x05200000, 0x07cc0000, 0x0fca0000)
  eden space 35072K,   0% used [0x05200000, 0x05200000, 0x07440000)
  from space 4352K,  48% used [0x07440000, 0x07653568, 0x07880000)
  to   space 4352K,   0% used [0x07880000, 0x07880000, 0x07cc0000)
 tenured generation   total 87424K, used 36968K [0x0fca0000, 0x15200000, 0x25200000)
   the space 87424K,  42% used [0x0fca0000, 0x120ba298, 0x120ba400, 0x15200000)
 Metaspace       used 19829K, capacity 20324K, committed 20608K, reserved 20864K
}
Event: 2775.909 GC heap before
{Heap before GC invocations=106 (full 2):
 def new generation   total 39424K, used 37197K [0x05200000, 0x07cc0000, 0x0fca0000)
  eden space 35072K, 100% used [0x05200000, 0x07440000, 0x07440000)
  from space 4352K,  48% used [0x07440000, 0x07653568, 0x07880000)
  to   space 4352K,   0% used [0x07880000, 0x07880000, 0x07cc0000)
 tenured generation   total 87424K, used 36968K [0x0fca0000, 0x15200000, 0x25200000)
   the space 87424K,  42% used [0x0fca0000, 0x120ba298, 0x120ba400, 0x15200000)
 Metaspace       used 19829K, capacity 20324K, committed 20608K, reserved 20864K
Event: 2775.911 GC heap after
Heap after GC invocations=107 (full 2):
 def new generation   total 39424K, used 2124K [0x05200000, 0x07cc0000, 0x0fca0000)
  eden space 35072K,   0% used [0x05200000, 0x05200000, 0x07440000)
  from space 4352K,  48% used [0x07880000, 0x07a932d0, 0x07cc0000)
  to   space 4352K,   0% used [0x07440000, 0x07440000, 0x07880000)
 tenured generation   total 87424K, used 36968K [0x0fca0000, 0x15200000, 0x25200000)
   the space 87424K,  42% used [0x0fca0000, 0x120ba298, 0x120ba400, 0x15200000)
 Metaspace       used 19829K, capacity 20324K, committed 20608K, reserved 20864K
}
Event: 2779.622 GC heap before
{Heap before GC invocations=107 (full 2):
 def new generation   total 39424K, used 37196K [0x05200000, 0x07cc0000, 0x0fca0000)
  eden space 35072K, 100% used [0x05200000, 0x07440000, 0x07440000)
  from space 4352K,  48% used [0x07880000, 0x07a932d0, 0x07cc0000)
  to   space 4352K,   0% used [0x07440000, 0x07440000, 0x07880000)
 tenured generation   total 87424K, used 36968K [0x0fca0000, 0x15200000, 0x25200000)
   the space 87424K,  42% used [0x0fca0000, 0x120ba298, 0x120ba400, 0x15200000)
 Metaspace       used 19829K, capacity 20324K, committed 20608K, reserved 20864K
Event: 2779.624 GC heap after
Heap after GC invocations=108 (full 2):
 def new generation   total 39424K, used 2124K [0x05200000, 0x07cc0000, 0x0fca0000)
  eden space 35072K,   0% used [0x05200000, 0x05200000, 0x07440000)
  from space 4352K,  48% used [0x07440000, 0x07653388, 0x07880000)
  to   space 4352K,   0% used [0x07880000, 0x07880000, 0x07cc0000)
 tenured generation   total 87424K, used 36968K [0x0fca0000, 0x15200000, 0x25200000)
   the space 87424K,  42% used [0x0fca0000, 0x120ba298, 0x120ba400, 0x15200000)
 Metaspace       used 19829K, capacity 20324K, committed 20608K, reserved 20864K
}
Event: 2783.490 GC heap before
{Heap before GC invocations=108 (full 2):
 def new generation   total 39424K, used 37196K [0x05200000, 0x07cc0000, 0x0fca0000)
  eden space 35072K, 100% used [0x05200000, 0x07440000, 0x07440000)
  from space 4352K,  48% used [0x07440000, 0x07653388, 0x07880000)
  to   space 4352K,   0% used [0x07880000, 0x07880000, 0x07cc0000)
 tenured generation   total 87424K, used 36968K [0x0fca0000, 0x15200000, 0x25200000)
   the space 87424K,  42% used [0x0fca0000, 0x120ba298, 0x120ba400, 0x15200000)
 Metaspace       used 19829K, capacity 20324K, committed 20608K, reserved 20864K
Event: 2783.492 GC heap after
Heap after GC invocations=109 (full 2):
 def new generation   total 39424K, used 2139K [0x05200000, 0x07cc0000, 0x0fca0000)
  eden space 35072K,   0% used [0x05200000, 0x05200000, 0x07440000)
  from space 4352K,  49% used [0x07880000, 0x07a96da0, 0x07cc0000)
  to   space 4352K,   0% used [0x07440000, 0x07440000, 0x07880000)
 tenured generation   total 87424K, used 36968K [0x0fca0000, 0x15200000, 0x25200000)
   the space 87424K,  42% used [0x0fca0000, 0x120ba298, 0x120ba400, 0x15200000)
 Metaspace       used 19829K, capacity 20324K, committed 20608K, reserved 20864K
}
Event: 2946.585 GC heap before
{Heap before GC invocations=109 (full 2):
 def new generation   total 39424K, used 37058K [0x05200000, 0x07cc0000, 0x0fca0000)
  eden space 35072K,  99% used [0x05200000, 0x07419ad8, 0x07440000)
  from space 4352K,  49% used [0x07880000, 0x07a96da0, 0x07cc0000)
  to   space 4352K,   0% used [0x07440000, 0x07440000, 0x07880000)
 tenured generation   total 87424K, used 36968K [0x0fca0000, 0x15200000, 0x25200000)
   the space 87424K,  42% used [0x0fca0000, 0x120ba298, 0x120ba400, 0x15200000)
 Metaspace       used 19841K, capacity 20366K, committed 20608K, reserved 20864K
Event: 2946.593 GC heap after
Heap after GC invocations=110 (full 2):
 def new generation   total 39424K, used 4352K [0x05200000, 0x07cc0000, 0x0fca0000)
  eden space 35072K,   0% used [0x05200000, 0x05200000, 0x07440000)
  from space 4352K, 100% used [0x07440000, 0x07880000, 0x07880000)
  to   space 4352K,   0% used [0x07880000, 0x07880000, 0x07cc0000)
 tenured generation   total 87424K, used 43268K [0x0fca0000, 0x15200000, 0x25200000)
   the space 87424K,  49% used [0x0fca0000, 0x126e1058, 0x126e1200, 0x15200000)
 Metaspace       used 19841K, capacity 20366K, committed 20608K, reserved 20864K
}

