# JRE version: Java(TM) SE Runtime Environment (8.0_92-b14) (build 1.8.0_92-b14)
# Java VM: Java HotSpot(TM) Client VM (25.92-b14 mixed mode windows-x86 )
Heap:
 def new generation   total 39424K, used 6808K [0x04800000, 0x072c0000, 0x0f2a0000)
  eden space 35072K,  19% used [0x04800000, 0x04ea2f88, 0x06a40000)
  from space 4352K,   0% used [0x06a40000, 0x06a43248, 0x06e80000)
  to   space 4352K,   0% used [0x06e80000, 0x06e80000, 0x072c0000)
 tenured generation   total 87424K, used 83730K [0x0f2a0000, 0x14800000, 0x24800000)
   the space 87424K,  95% used [0x0f2a0000, 0x14464aa8, 0x14464c00, 0x14800000)
 Metaspace       used 20090K, capacity 20650K, committed 20864K, reserved 20864K
GC Heap History (10 events):
Event: 42765.447 GC heap before
{Heap before GC invocations=181 (full 2):
 def new generation   total 39424K, used 35074K [0x04800000, 0x072c0000, 0x0f2a0000)
  eden space 35072K, 100% used [0x04800000, 0x06a40000, 0x06a40000)
  from space 4352K,   0% used [0x06e80000, 0x06e80bb0, 0x072c0000)
  to   space 4352K,   0% used [0x06a40000, 0x06a40000, 0x06e80000)
 tenured generation   total 87424K, used 83729K [0x0f2a0000, 0x14800000, 0x24800000)
   the space 87424K,  95% used [0x0f2a0000, 0x14464468, 0x14464600, 0x14800000)
 Metaspace       used 20090K, capacity 20650K, committed 20864K, reserved 20864K
Event: 42765.448 GC heap after
Heap after GC invocations=182 (full 2):
 def new generation   total 39424K, used 1K [0x04800000, 0x072c0000, 0x0f2a0000)
  eden space 35072K,   0% used [0x04800000, 0x04800000, 0x06a40000)
  from space 4352K,   0% used [0x06a40000, 0x06a40710, 0x06e80000)
  to   space 4352K,   0% used [0x06e80000, 0x06e80000, 0x072c0000)
 tenured generation   total 87424K, used 83730K [0x0f2a0000, 0x14800000, 0x24800000)
   the space 87424K,  95% used [0x0f2a0000, 0x14464aa8, 0x14464c00, 0x14800000)
 Metaspace       used 20090K, capacity 20650K, committed 20864K, reserved 20864K
}
Event: 42908.053 GC heap before
{Heap before GC invocations=182 (full 2):
 def new generation   total 39424K, used 35073K [0x04800000, 0x072c0000, 0x0f2a0000)
  eden space 35072K, 100% used [0x04800000, 0x06a40000, 0x06a40000)
  from space 4352K,   0% used [0x06a40000, 0x06a40710, 0x06e80000)
  to   space 4352K,   0% used [0x06e80000, 0x06e80000, 0x072c0000)
 tenured generation   total 87424K, used 83730K [0x0f2a0000, 0x14800000, 0x24800000)
   the space 87424K,  95% used [0x0f2a0000, 0x14464aa8, 0x14464c00, 0x14800000)
 Metaspace       used 20090K, capacity 20650K, committed 20864K, reserved 20864K
Event: 42908.055 GC heap after
Heap after GC invocations=183 (full 2):
 def new generation   total 39424K, used 13K [0x04800000, 0x072c0000, 0x0f2a0000)
  eden space 35072K,   0% used [0x04800000, 0x04800000, 0x06a40000)
  from space 4352K,   0% used [0x06e80000, 0x06e83760, 0x072c0000)
  to   space 4352K,   0% used [0x06a40000, 0x06a40000, 0x06e80000)
 tenured generation   total 87424K, used 83730K [0x0f2a0000, 0x14800000, 0x24800000)
   the space 87424K,  95% used [0x0f2a0000, 0x14464aa8, 0x14464c00, 0x14800000)
 Metaspace       used 20090K, capacity 20650K, committed 20864K, reserved 20864K
}
Event: 43058.129 GC heap before
{Heap before GC invocations=183 (full 2):
 def new generation   total 39424K, used 35085K [0x04800000, 0x072c0000, 0x0f2a0000)
  eden space 35072K, 100% used [0x04800000, 0x06a40000, 0x06a40000)
  from space 4352K,   0% used [0x06e80000, 0x06e83760, 0x072c0000)
  to   space 4352K,   0% used [0x06a40000, 0x06a40000, 0x06e80000)
 tenured generation   total 87424K, used 83730K [0x0f2a0000, 0x14800000, 0x24800000)
   the space 87424K,  95% used [0x0f2a0000, 0x14464aa8, 0x14464c00, 0x14800000)
 Metaspace       used 20090K, capacity 20650K, committed 20864K, reserved 20864K
Event: 43058.131 GC heap after
Heap after GC invocations=184 (full 2):
 def new generation   total 39424K, used 5K [0x04800000, 0x072c0000, 0x0f2a0000)
  eden space 35072K,   0% used [0x04800000, 0x04800000, 0x06a40000)
  from space 4352K,   0% used [0x06a40000, 0x06a414c0, 0x06e80000)
  to   space 4352K,   0% used [0x06e80000, 0x06e80000, 0x072c0000)
 tenured generation   total 87424K, used 83730K [0x0f2a0000, 0x14800000, 0x24800000)
   the space 87424K,  95% used [0x0f2a0000, 0x14464aa8, 0x14464c00, 0x14800000)
 Metaspace       used 20090K, capacity 20650K, committed 20864K, reserved 20864K
}
Event: 43204.744 GC heap before
{Heap before GC invocations=184 (full 2):
 def new generation   total 39424K, used 35077K [0x04800000, 0x072c0000, 0x0f2a0000)
  eden space 35072K, 100% used [0x04800000, 0x06a40000, 0x06a40000)
  from space 4352K,   0% used [0x06a40000, 0x06a414c0, 0x06e80000)
  to   space 4352K,   0% used [0x06e80000, 0x06e80000, 0x072c0000)
 tenured generation   total 87424K, used 83730K [0x0f2a0000, 0x14800000, 0x24800000)
   the space 87424K,  95% used [0x0f2a0000, 0x14464aa8, 0x14464c00, 0x14800000)
 Metaspace       used 20090K, capacity 20650K, committed 20864K, reserved 20864K
Event: 43204.748 GC heap after
Heap after GC invocations=185 (full 2):
 def new generation   total 39424K, used 5K [0x04800000, 0x072c0000, 0x0f2a0000)
  eden space 35072K,   0% used [0x04800000, 0x04800000, 0x06a40000)
  from space 4352K,   0% used [0x06e80000, 0x06e81468, 0x072c0000)
  to   space 4352K,   0% used [0x06a40000, 0x06a40000, 0x06e80000)
 tenured generation   total 87424K, used 83730K [0x0f2a0000, 0x14800000, 0x24800000)
   the space 87424K,  95% used [0x0f2a0000, 0x14464aa8, 0x14464c00, 0x14800000)
 Metaspace       used 20090K, capacity 20650K, committed 20864K, reserved 20864K
}
Event: 43361.193 GC heap before
{Heap before GC invocations=185 (full 2):
 def new generation   total 39424K, used 35077K [0x04800000, 0x072c0000, 0x0f2a0000)
  eden space 35072K, 100% used [0x04800000, 0x06a40000, 0x06a40000)
  from space 4352K,   0% used [0x06e80000, 0x06e81468, 0x072c0000)
  to   space 4352K,   0% used [0x06a40000, 0x06a40000, 0x06e80000)
 tenured generation   total 87424K, used 83730K [0x0f2a0000, 0x14800000, 0x24800000)
   the space 87424K,  95% used [0x0f2a0000, 0x14464aa8, 0x14464c00, 0x14800000)
 Metaspace       used 20090K, capacity 20650K, committed 20864K, reserved 20864K
Event: 43361.195 GC heap after
Heap after GC invocations=186 (full 2):
 def new generation   total 39424K, used 12K [0x04800000, 0x072c0000, 0x0f2a0000)
  eden space 35072K,   0% used [0x04800000, 0x04800000, 0x06a40000)
  from space 4352K,   0% used [0x06a40000, 0x06a43248, 0x06e80000)
  to   space 4352K,   0% used [0x06e80000, 0x06e80000, 0x072c0000)
 tenured generation   total 87424K, used 83730K [0x0f2a0000, 0x14800000, 0x24800000)
   the space 87424K,  95% used [0x0f2a0000, 0x14464aa8, 0x14464c00, 0x14800000)
 Metaspace       used 20090K, capacity 20650K, committed 20864K, reserved 20864K
}

